<!DOCTYPE html PUBLIC "-//W3C//DTD XHTML 1.1//EN" "https://www.w3.org/TR/xhtml11/DTD/xhtml11.dtd">
<html xmlns="https://www.w3.org/1999/xhtml">
<head>
<meta http-equiv="content-type" content="text/html; charset=UTF-8"/>
<title>TestNG Report</title>
<style type="text/css">table {margin-bottom:10px;border-collapse:collapse;empty-cells:show}th,td {border:1px solid #009;padding:.25em .5em}th {vertical-align:bottom}td {vertical-align:top}table a {font-weight:bold}.stripe td {background-color: #E6EBF9}.num {text-align:right}.passedodd td {background-color: #3F3}.passedeven td {background-color: #0A0}.skippedodd td {background-color: #DDD}.skippedeven td {background-color: #CCC}.failedodd td,.attn {background-color: #F33}.failedeven td,.stripe .attn {background-color: #D00}.stacktrace {white-space:pre;font-family:monospace}.totop {font-size:85%;text-align:center;border-bottom:2px solid #000}.invisible {display:none}</style>
</head>
<body>
<table>
<tr><th>Test</th><th># Passed</th><th># Skipped</th><th># Retried</th><th># Failed</th><th>Time (ms)</th><th>Included Groups</th><th>Excluded Groups</th></tr>
<tr><th colspan="8">bvt suit</th></tr>
<tr><td><a href="#t0">synthetic monitoring tests</a></td><td class="num">7</td><td class="num">0</td><td class="num">0</td><td class="num attn">5</td><td class="num">200,464</td><td></td><td></td></tr>
</table>
<table id='summary'><thead><tr><th>Class</th><th>Method</th><th>Start</th><th>Time (ms)</th></tr></thead><tbody><tr><th colspan="4">bvt suit</th></tr></tbody><tbody id="t0"><tr><th colspan="4">synthetic monitoring tests &#8212; failed (configuration methods)</th></tr><tr class="failedeven"><td rowspan="1">com.cutanddry.qa.synthetic_monitoring.driscoll_foods.VerifySettingsLocationTest</td><td><a href="#m0">tearDown</a></td><td rowspan="1">1730190557601</td><td rowspan="1">3</td></tr><tr class="failedodd"><td rowspan="1">com.cutanddry.qa.synthetic_monitoring.driscoll_foods.VerifySettingsRestaurantTest</td><td><a href="#m1">tearDown</a></td><td rowspan="1">1730190555568</td><td rowspan="1">2</td></tr><tr class="failedeven"><td rowspan="1">com.cutanddry.qa.synthetic_monitoring.driscoll_foods.VerifyTheHistoryTest</td><td><a href="#m2">tearDown</a></td><td rowspan="1">1730190557643</td><td rowspan="1">1</td></tr><tr class="failedodd"><td rowspan="1">com.cutanddry.qa.synthetic_monitoring.driscoll_foods.VerifyThePaySectionTest</td><td><a href="#m3">tearDown</a></td><td rowspan="1">1730190557631</td><td rowspan="1">1</td></tr><tr class="failedeven"><td rowspan="1">com.cutanddry.qa.synthetic_monitoring.driscoll_foods.VerifyTheUsersTest</td><td><a href="#m4">tearDown</a></td><td rowspan="1">1730190557655</td><td rowspan="1">1</td></tr><tr><th colspan="4">synthetic monitoring tests &#8212; failed</th></tr><tr class="failedeven"><td rowspan="1">com.cutanddry.qa.synthetic_monitoring.driscoll_foods.VerifySettingsLocationTest</td><td><a href="#m5">VerifySettingsLocation</a></td><td rowspan="1">1730190555572</td><td rowspan="1">2028</td></tr><tr class="failedodd"><td rowspan="1">com.cutanddry.qa.synthetic_monitoring.driscoll_foods.VerifySettingsRestaurantTest</td><td><a href="#m6">VerifySettingsRestaurant</a></td><td rowspan="1">1730190548343</td><td rowspan="1">7223</td></tr><tr class="failedeven"><td rowspan="1">com.cutanddry.qa.synthetic_monitoring.driscoll_foods.VerifyTheHistoryTest</td><td><a href="#m7">VerifyTheHistory</a></td><td rowspan="1">1730190557633</td><td rowspan="1">10</td></tr><tr class="failedodd"><td rowspan="1">com.cutanddry.qa.synthetic_monitoring.driscoll_foods.VerifyThePaySectionTest</td><td><a href="#m8">VerifyThePaySection</a></td><td rowspan="1">1730190557607</td><td rowspan="1">24</td></tr><tr class="failedeven"><td rowspan="1">com.cutanddry.qa.synthetic_monitoring.driscoll_foods.VerifyTheUsersTest</td><td><a href="#m9">VerifyTheUsers</a></td><td rowspan="1">1730190557645</td><td rowspan="1">10</td></tr><tr><th colspan="4">synthetic monitoring tests &#8212; passed</th></tr><tr class="passedeven"><td rowspan="1">com.cutanddry.qa.synthetic_monitoring.driscoll_foods.VerifyCustomerCatalogTest</td><td><a href="#m10">VerifyCustomerCatalog</a></td><td rowspan="1">1730190384992</td><td rowspan="1">21809</td></tr><tr class="passedodd"><td rowspan="1">com.cutanddry.qa.synthetic_monitoring.driscoll_foods.VerifyCustomerEditTest</td><td><a href="#m11">VerifyCustomerEdit</a></td><td rowspan="1">1730190411391</td><td rowspan="1">31420</td></tr><tr class="passedeven"><td rowspan="1">com.cutanddry.qa.synthetic_monitoring.driscoll_foods.VerifyCustomerOrderGuideTest</td><td><a href="#m12">VerifyCustomerOrderGuide</a></td><td rowspan="1">1730190361932</td><td rowspan="1">18718</td></tr><tr class="passedodd"><td rowspan="1">com.cutanddry.qa.synthetic_monitoring.driscoll_foods.VerifyCustomerSearchTest</td><td><a href="#m13">VerifyCustomerSearch</a></td><td rowspan="1">1730190447858</td><td rowspan="1">33463</td></tr><tr class="passedeven"><td rowspan="1">com.cutanddry.qa.synthetic_monitoring.driscoll_foods.VerifySettingsProfileTest</td><td><a href="#m14">VerifyProfileSettings</a></td><td rowspan="1">1730190527746</td><td rowspan="1">15935</td></tr><tr class="passedodd"><td rowspan="1">com.cutanddry.qa.synthetic_monitoring.driscoll_foods.VerifyTheChatTest</td><td><a href="#m15">VerifyTheChat</a></td><td rowspan="1">1730190504812</td><td rowspan="1">18358</td></tr><tr class="passedeven"><td rowspan="1">com.cutanddry.qa.synthetic_monitoring.driscoll_foods.VerifyTheDraftsTest</td><td><a href="#m16">VerifyTheDrafts</a></td><td rowspan="1">1730190486099</td><td rowspan="1">14317</td></tr></tbody>
</table>
<h2>synthetic monitoring tests</h2><h3 id="m0">com.cutanddry.qa.synthetic_monitoring.driscoll_foods.VerifySettingsLocationTest#tearDown</h3><table class="result"><tr class="param"><th>Parameter #1</th></tr><tr class="param stripe"><td>[TestResult name=VerifySettingsLocation status=FAILURE method=VerifySettingsLocationTest.VerifySettingsLocation()[pri:0, instance:com.cutanddry.qa.synthetic_monitoring.driscoll_foods.VerifySettingsLocationTest@2a798d51] output={null}]</td></tr><tr><th>Exception</th></tr><tr><td><div class="stacktrace">org.openqa.selenium.WebDriverException: disconnected: not connected to DevTools
  (failed to check if window was closed: disconnected: not connected to DevTools)
  (Session info: chrome=130.0.6723.70)
Build info: version: &apos;4.25.0&apos;, revision: &apos;8a8aea2337&apos;
System info: os.name: &apos;Mac OS X&apos;, os.arch: &apos;aarch64&apos;, os.version: &apos;15.0.1&apos;, java.version: &apos;22.0.2&apos;
Driver info: org.openqa.selenium.chrome.ChromeDriver
Command: [c13fc9761eaee7312daf724489541c76, screenshot {}]
Capabilities {acceptInsecureCerts: false, browserName: chrome, browserVersion: 130.0.6723.70, chrome: {chromedriverVersion: 129.0.6668.58 (81a06fb873a9..., userDataDir: /var/folders/fv/5hy5g0kn5c7...}, fedcm:accounts: true, goog:chromeOptions: {debuggerAddress: localhost:55997}, networkConnectionEnabled: false, pageLoadStrategy: normal, platformName: mac, proxy: Proxy(), se:cdp: ws://localhost:55997/devtoo..., se:cdpVersion: 130.0.6723.70, setWindowRect: true, strictFileInteractability: false, timeouts: {implicit: 0, pageLoad: 300000, script: 30000}, unhandledPromptBehavior: dismiss and notify, webauthn:extension:credBlob: true, webauthn:extension:largeBlob: true, webauthn:extension:minPinLength: true, webauthn:extension:prf: true, webauthn:virtualAuthenticators: true}
Session ID: c13fc9761eaee7312daf724489541c76
	at org.openqa.selenium.remote.ErrorCodec.decode(ErrorCodec.java:167)
	at org.openqa.selenium.remote.codec.w3c.W3CHttpResponseCodec.decode(W3CHttpResponseCodec.java:138)
	at org.openqa.selenium.remote.codec.w3c.W3CHttpResponseCodec.decode(W3CHttpResponseCodec.java:50)
	at org.openqa.selenium.remote.HttpCommandExecutor.execute(HttpCommandExecutor.java:190)
	at org.openqa.selenium.remote.service.DriverCommandExecutor.invokeExecute(DriverCommandExecutor.java:216)
	at org.openqa.selenium.remote.service.DriverCommandExecutor.execute(DriverCommandExecutor.java:174)
	at org.openqa.selenium.remote.RemoteWebDriver.execute(RemoteWebDriver.java:545)
	at org.openqa.selenium.remote.RemoteWebDriver.execute(RemoteWebDriver.java:618)
	at org.openqa.selenium.remote.RemoteWebDriver.execute(RemoteWebDriver.java:622)
	at org.openqa.selenium.remote.RemoteWebDriver.getScreenshotAs(RemoteWebDriver.java:334)
	at com.cutanddry.qa.base.KeywordBase.captureScreenshot(KeywordBase.java:516)
	at com.cutanddry.qa.base.TestBase.takeScreenshotOnFailure(TestBase.java:67)
	at com.cutanddry.qa.synthetic_monitoring.driscoll_foods.VerifySettingsLocationTest.tearDown(VerifySettingsLocationTest.java:38)
	at java.base/java.util.ArrayList.forEach(ArrayList.java:1597)
	at java.base/java.util.concurrent.FutureTask.run(FutureTask.java:317)
	at java.base/java.util.concurrent.ThreadPoolExecutor.runWorker(ThreadPoolExecutor.java:1144)
	at java.base/java.util.concurrent.ThreadPoolExecutor$Worker.run(ThreadPoolExecutor.java:642)
	at java.base/java.lang.Thread.run(Thread.java:1570)
... Removed 23 stack frames</div></td></tr></table><p class="totop"><a href="#summary">back to summary</a></p>
<h3 id="m1">com.cutanddry.qa.synthetic_monitoring.driscoll_foods.VerifySettingsRestaurantTest#tearDown</h3><table class="result"><tr class="param"><th>Parameter #1</th></tr><tr class="param stripe"><td>[TestResult name=VerifySettingsRestaurant status=FAILURE method=VerifySettingsRestaurantTest.VerifySettingsRestaurant()[pri:0, instance:com.cutanddry.qa.synthetic_monitoring.driscoll_foods.VerifySettingsRestaurantTest@6b81ce95] output={null}]</td></tr><tr><th>Exception</th></tr><tr><td><div class="stacktrace">org.openqa.selenium.WebDriverException: disconnected: not connected to DevTools
  (failed to check if window was closed: disconnected: not connected to DevTools)
  (Session info: chrome=130.0.6723.70)
Build info: version: &apos;4.25.0&apos;, revision: &apos;8a8aea2337&apos;
System info: os.name: &apos;Mac OS X&apos;, os.arch: &apos;aarch64&apos;, os.version: &apos;15.0.1&apos;, java.version: &apos;22.0.2&apos;
Driver info: org.openqa.selenium.chrome.ChromeDriver
Command: [c13fc9761eaee7312daf724489541c76, screenshot {}]
Capabilities {acceptInsecureCerts: false, browserName: chrome, browserVersion: 130.0.6723.70, chrome: {chromedriverVersion: 129.0.6668.58 (81a06fb873a9..., userDataDir: /var/folders/fv/5hy5g0kn5c7...}, fedcm:accounts: true, goog:chromeOptions: {debuggerAddress: localhost:55997}, networkConnectionEnabled: false, pageLoadStrategy: normal, platformName: mac, proxy: Proxy(), se:cdp: ws://localhost:55997/devtoo..., se:cdpVersion: 130.0.6723.70, setWindowRect: true, strictFileInteractability: false, timeouts: {implicit: 0, pageLoad: 300000, script: 30000}, unhandledPromptBehavior: dismiss and notify, webauthn:extension:credBlob: true, webauthn:extension:largeBlob: true, webauthn:extension:minPinLength: true, webauthn:extension:prf: true, webauthn:virtualAuthenticators: true}
Session ID: c13fc9761eaee7312daf724489541c76
	at org.openqa.selenium.remote.ErrorCodec.decode(ErrorCodec.java:167)
	at org.openqa.selenium.remote.codec.w3c.W3CHttpResponseCodec.decode(W3CHttpResponseCodec.java:138)
	at org.openqa.selenium.remote.codec.w3c.W3CHttpResponseCodec.decode(W3CHttpResponseCodec.java:50)
	at org.openqa.selenium.remote.HttpCommandExecutor.execute(HttpCommandExecutor.java:190)
	at org.openqa.selenium.remote.service.DriverCommandExecutor.invokeExecute(DriverCommandExecutor.java:216)
	at org.openqa.selenium.remote.service.DriverCommandExecutor.execute(DriverCommandExecutor.java:174)
	at org.openqa.selenium.remote.RemoteWebDriver.execute(RemoteWebDriver.java:545)
	at org.openqa.selenium.remote.RemoteWebDriver.execute(RemoteWebDriver.java:618)
	at org.openqa.selenium.remote.RemoteWebDriver.execute(RemoteWebDriver.java:622)
	at org.openqa.selenium.remote.RemoteWebDriver.getScreenshotAs(RemoteWebDriver.java:334)
	at com.cutanddry.qa.base.KeywordBase.captureScreenshot(KeywordBase.java:516)
	at com.cutanddry.qa.base.TestBase.takeScreenshotOnFailure(TestBase.java:67)
	at com.cutanddry.qa.synthetic_monitoring.driscoll_foods.VerifySettingsRestaurantTest.tearDown(VerifySettingsRestaurantTest.java:38)
	at java.base/java.util.ArrayList.forEach(ArrayList.java:1597)
	at java.base/java.util.concurrent.FutureTask.run(FutureTask.java:317)
	at java.base/java.util.concurrent.ThreadPoolExecutor.runWorker(ThreadPoolExecutor.java:1144)
	at java.base/java.util.concurrent.ThreadPoolExecutor$Worker.run(ThreadPoolExecutor.java:642)
	at java.base/java.lang.Thread.run(Thread.java:1570)
... Removed 23 stack frames</div></td></tr></table><p class="totop"><a href="#summary">back to summary</a></p>
<h3 id="m2">com.cutanddry.qa.synthetic_monitoring.driscoll_foods.VerifyTheHistoryTest#tearDown</h3><table class="result"><tr class="param"><th>Parameter #1</th></tr><tr class="param stripe"><td>[TestResult name=VerifyTheHistory status=FAILURE method=VerifyTheHistoryTest.VerifyTheHistory()[pri:0, instance:com.cutanddry.qa.synthetic_monitoring.driscoll_foods.VerifyTheHistoryTest@52bf72b5] output={null}]</td></tr><tr><th>Exception</th></tr><tr><td><div class="stacktrace">org.openqa.selenium.WebDriverException: disconnected: not connected to DevTools
  (failed to check if window was closed: disconnected: not connected to DevTools)
  (Session info: chrome=130.0.6723.70)
Build info: version: &apos;4.25.0&apos;, revision: &apos;8a8aea2337&apos;
System info: os.name: &apos;Mac OS X&apos;, os.arch: &apos;aarch64&apos;, os.version: &apos;15.0.1&apos;, java.version: &apos;22.0.2&apos;
Driver info: org.openqa.selenium.chrome.ChromeDriver
Command: [c13fc9761eaee7312daf724489541c76, screenshot {}]
Capabilities {acceptInsecureCerts: false, browserName: chrome, browserVersion: 130.0.6723.70, chrome: {chromedriverVersion: 129.0.6668.58 (81a06fb873a9..., userDataDir: /var/folders/fv/5hy5g0kn5c7...}, fedcm:accounts: true, goog:chromeOptions: {debuggerAddress: localhost:55997}, networkConnectionEnabled: false, pageLoadStrategy: normal, platformName: mac, proxy: Proxy(), se:cdp: ws://localhost:55997/devtoo..., se:cdpVersion: 130.0.6723.70, setWindowRect: true, strictFileInteractability: false, timeouts: {implicit: 0, pageLoad: 300000, script: 30000}, unhandledPromptBehavior: dismiss and notify, webauthn:extension:credBlob: true, webauthn:extension:largeBlob: true, webauthn:extension:minPinLength: true, webauthn:extension:prf: true, webauthn:virtualAuthenticators: true}
Session ID: c13fc9761eaee7312daf724489541c76
	at org.openqa.selenium.remote.ErrorCodec.decode(ErrorCodec.java:167)
	at org.openqa.selenium.remote.codec.w3c.W3CHttpResponseCodec.decode(W3CHttpResponseCodec.java:138)
	at org.openqa.selenium.remote.codec.w3c.W3CHttpResponseCodec.decode(W3CHttpResponseCodec.java:50)
	at org.openqa.selenium.remote.HttpCommandExecutor.execute(HttpCommandExecutor.java:190)
	at org.openqa.selenium.remote.service.DriverCommandExecutor.invokeExecute(DriverCommandExecutor.java:216)
	at org.openqa.selenium.remote.service.DriverCommandExecutor.execute(DriverCommandExecutor.java:174)
	at org.openqa.selenium.remote.RemoteWebDriver.execute(RemoteWebDriver.java:545)
	at org.openqa.selenium.remote.RemoteWebDriver.execute(RemoteWebDriver.java:618)
	at org.openqa.selenium.remote.RemoteWebDriver.execute(RemoteWebDriver.java:622)
	at org.openqa.selenium.remote.RemoteWebDriver.getScreenshotAs(RemoteWebDriver.java:334)
	at com.cutanddry.qa.base.KeywordBase.captureScreenshot(KeywordBase.java:516)
	at com.cutanddry.qa.base.TestBase.takeScreenshotOnFailure(TestBase.java:67)
	at com.cutanddry.qa.synthetic_monitoring.driscoll_foods.VerifyTheHistoryTest.tearDown(VerifyTheHistoryTest.java:39)
	at java.base/java.util.ArrayList.forEach(ArrayList.java:1597)
	at java.base/java.util.concurrent.FutureTask.run(FutureTask.java:317)
	at java.base/java.util.concurrent.ThreadPoolExecutor.runWorker(ThreadPoolExecutor.java:1144)
	at java.base/java.util.concurrent.ThreadPoolExecutor$Worker.run(ThreadPoolExecutor.java:642)
	at java.base/java.lang.Thread.run(Thread.java:1570)
... Removed 23 stack frames</div></td></tr></table><p class="totop"><a href="#summary">back to summary</a></p>
<h3 id="m3">com.cutanddry.qa.synthetic_monitoring.driscoll_foods.VerifyThePaySectionTest#tearDown</h3><table class="result"><tr class="param"><th>Parameter #1</th></tr><tr class="param stripe"><td>[TestResult name=VerifyThePaySection status=FAILURE method=VerifyThePaySectionTest.VerifyThePaySection()[pri:0, instance:com.cutanddry.qa.synthetic_monitoring.driscoll_foods.VerifyThePaySectionTest@6d763516] output={null}]</td></tr><tr><th>Exception</th></tr><tr><td><div class="stacktrace">org.openqa.selenium.WebDriverException: disconnected: not connected to DevTools
  (failed to check if window was closed: disconnected: not connected to DevTools)
  (Session info: chrome=130.0.6723.70)
Build info: version: &apos;4.25.0&apos;, revision: &apos;8a8aea2337&apos;
System info: os.name: &apos;Mac OS X&apos;, os.arch: &apos;aarch64&apos;, os.version: &apos;15.0.1&apos;, java.version: &apos;22.0.2&apos;
Driver info: org.openqa.selenium.chrome.ChromeDriver
Command: [c13fc9761eaee7312daf724489541c76, screenshot {}]
Capabilities {acceptInsecureCerts: false, browserName: chrome, browserVersion: 130.0.6723.70, chrome: {chromedriverVersion: 129.0.6668.58 (81a06fb873a9..., userDataDir: /var/folders/fv/5hy5g0kn5c7...}, fedcm:accounts: true, goog:chromeOptions: {debuggerAddress: localhost:55997}, networkConnectionEnabled: false, pageLoadStrategy: normal, platformName: mac, proxy: Proxy(), se:cdp: ws://localhost:55997/devtoo..., se:cdpVersion: 130.0.6723.70, setWindowRect: true, strictFileInteractability: false, timeouts: {implicit: 0, pageLoad: 300000, script: 30000}, unhandledPromptBehavior: dismiss and notify, webauthn:extension:credBlob: true, webauthn:extension:largeBlob: true, webauthn:extension:minPinLength: true, webauthn:extension:prf: true, webauthn:virtualAuthenticators: true}
Session ID: c13fc9761eaee7312daf724489541c76
	at org.openqa.selenium.remote.ErrorCodec.decode(ErrorCodec.java:167)
	at org.openqa.selenium.remote.codec.w3c.W3CHttpResponseCodec.decode(W3CHttpResponseCodec.java:138)
	at org.openqa.selenium.remote.codec.w3c.W3CHttpResponseCodec.decode(W3CHttpResponseCodec.java:50)
	at org.openqa.selenium.remote.HttpCommandExecutor.execute(HttpCommandExecutor.java:190)
	at org.openqa.selenium.remote.service.DriverCommandExecutor.invokeExecute(DriverCommandExecutor.java:216)
	at org.openqa.selenium.remote.service.DriverCommandExecutor.execute(DriverCommandExecutor.java:174)
	at org.openqa.selenium.remote.RemoteWebDriver.execute(RemoteWebDriver.java:545)
	at org.openqa.selenium.remote.RemoteWebDriver.execute(RemoteWebDriver.java:618)
	at org.openqa.selenium.remote.RemoteWebDriver.execute(RemoteWebDriver.java:622)
	at org.openqa.selenium.remote.RemoteWebDriver.getScreenshotAs(RemoteWebDriver.java:334)
	at com.cutanddry.qa.base.KeywordBase.captureScreenshot(KeywordBase.java:516)
	at com.cutanddry.qa.base.TestBase.takeScreenshotOnFailure(TestBase.java:67)
	at com.cutanddry.qa.synthetic_monitoring.driscoll_foods.VerifyThePaySectionTest.tearDown(VerifyThePaySectionTest.java:42)
	at java.base/java.util.ArrayList.forEach(ArrayList.java:1597)
	at java.base/java.util.concurrent.FutureTask.run(FutureTask.java:317)
	at java.base/java.util.concurrent.ThreadPoolExecutor.runWorker(ThreadPoolExecutor.java:1144)
	at java.base/java.util.concurrent.ThreadPoolExecutor$Worker.run(ThreadPoolExecutor.java:642)
	at java.base/java.lang.Thread.run(Thread.java:1570)
... Removed 23 stack frames</div></td></tr></table><p class="totop"><a href="#summary">back to summary</a></p>
<h3 id="m4">com.cutanddry.qa.synthetic_monitoring.driscoll_foods.VerifyTheUsersTest#tearDown</h3><table class="result"><tr class="param"><th>Parameter #1</th></tr><tr class="param stripe"><td>[TestResult name=VerifyTheUsers status=FAILURE method=VerifyTheUsersTest.VerifyTheUsers()[pri:0, instance:com.cutanddry.qa.synthetic_monitoring.driscoll_foods.VerifyTheUsersTest@37afeb11] output={null}]</td></tr><tr><th>Exception</th></tr><tr><td><div class="stacktrace">org.openqa.selenium.WebDriverException: disconnected: not connected to DevTools
  (failed to check if window was closed: disconnected: not connected to DevTools)
  (Session info: chrome=130.0.6723.70)
Build info: version: &apos;4.25.0&apos;, revision: &apos;8a8aea2337&apos;
System info: os.name: &apos;Mac OS X&apos;, os.arch: &apos;aarch64&apos;, os.version: &apos;15.0.1&apos;, java.version: &apos;22.0.2&apos;
Driver info: org.openqa.selenium.chrome.ChromeDriver
Command: [c13fc9761eaee7312daf724489541c76, screenshot {}]
Capabilities {acceptInsecureCerts: false, browserName: chrome, browserVersion: 130.0.6723.70, chrome: {chromedriverVersion: 129.0.6668.58 (81a06fb873a9..., userDataDir: /var/folders/fv/5hy5g0kn5c7...}, fedcm:accounts: true, goog:chromeOptions: {debuggerAddress: localhost:55997}, networkConnectionEnabled: false, pageLoadStrategy: normal, platformName: mac, proxy: Proxy(), se:cdp: ws://localhost:55997/devtoo..., se:cdpVersion: 130.0.6723.70, setWindowRect: true, strictFileInteractability: false, timeouts: {implicit: 0, pageLoad: 300000, script: 30000}, unhandledPromptBehavior: dismiss and notify, webauthn:extension:credBlob: true, webauthn:extension:largeBlob: true, webauthn:extension:minPinLength: true, webauthn:extension:prf: true, webauthn:virtualAuthenticators: true}
Session ID: c13fc9761eaee7312daf724489541c76
	at org.openqa.selenium.remote.ErrorCodec.decode(ErrorCodec.java:167)
	at org.openqa.selenium.remote.codec.w3c.W3CHttpResponseCodec.decode(W3CHttpResponseCodec.java:138)
	at org.openqa.selenium.remote.codec.w3c.W3CHttpResponseCodec.decode(W3CHttpResponseCodec.java:50)
	at org.openqa.selenium.remote.HttpCommandExecutor.execute(HttpCommandExecutor.java:190)
	at org.openqa.selenium.remote.service.DriverCommandExecutor.invokeExecute(DriverCommandExecutor.java:216)
	at org.openqa.selenium.remote.service.DriverCommandExecutor.execute(DriverCommandExecutor.java:174)
	at org.openqa.selenium.remote.RemoteWebDriver.execute(RemoteWebDriver.java:545)
	at org.openqa.selenium.remote.RemoteWebDriver.execute(RemoteWebDriver.java:618)
	at org.openqa.selenium.remote.RemoteWebDriver.execute(RemoteWebDriver.java:622)
	at org.openqa.selenium.remote.RemoteWebDriver.getScreenshotAs(RemoteWebDriver.java:334)
	at com.cutanddry.qa.base.KeywordBase.captureScreenshot(KeywordBase.java:516)
	at com.cutanddry.qa.base.TestBase.takeScreenshotOnFailure(TestBase.java:67)
	at com.cutanddry.qa.synthetic_monitoring.driscoll_foods.VerifyTheUsersTest.tearDown(VerifyTheUsersTest.java:39)
	at java.base/java.util.ArrayList.forEach(ArrayList.java:1597)
	at java.base/java.util.concurrent.FutureTask.run(FutureTask.java:317)
	at java.base/java.util.concurrent.ThreadPoolExecutor.runWorker(ThreadPoolExecutor.java:1144)
	at java.base/java.util.concurrent.ThreadPoolExecutor$Worker.run(ThreadPoolExecutor.java:642)
	at java.base/java.lang.Thread.run(Thread.java:1570)
... Removed 23 stack frames</div></td></tr></table><p class="totop"><a href="#summary">back to summary</a></p>
<h3 id="m5">com.cutanddry.qa.synthetic_monitoring.driscoll_foods.VerifySettingsLocationTest#VerifySettingsLocation</h3><table class="result"><tr><th>Exception</th></tr><tr><td><div class="stacktrace">java.lang.AssertionError: The following asserts failed:
	login error expected [true] but found [false],
	navigation to location settings error expected [true] but found [false]
	at com.cutanddry.qa.synthetic_monitoring.driscoll_foods.VerifySettingsLocationTest.VerifySettingsLocation(VerifySettingsLocationTest.java:33)
	at java.base/java.util.ArrayList.forEach(ArrayList.java:1597)
	at java.base/java.util.concurrent.FutureTask.run(FutureTask.java:317)
	at java.base/java.util.concurrent.ThreadPoolExecutor.runWorker(ThreadPoolExecutor.java:1144)
	at java.base/java.util.concurrent.ThreadPoolExecutor$Worker.run(ThreadPoolExecutor.java:642)
	at java.base/java.lang.Thread.run(Thread.java:1570)
... Removed 17 stack frames</div></td></tr></table><p class="totop"><a href="#summary">back to summary</a></p>
<h3 id="m6">com.cutanddry.qa.synthetic_monitoring.driscoll_foods.VerifySettingsRestaurantTest#VerifySettingsRestaurant</h3><table class="result"><tr><th>Exception</th></tr><tr><td><div class="stacktrace">java.lang.AssertionError: The following asserts failed:
	login error expected [true] but found [false],
	navigation to restaurant settings error expected [true] but found [false]
	at com.cutanddry.qa.synthetic_monitoring.driscoll_foods.VerifySettingsRestaurantTest.VerifySettingsRestaurant(VerifySettingsRestaurantTest.java:33)
	at java.base/java.util.ArrayList.forEach(ArrayList.java:1597)
	at java.base/java.util.concurrent.FutureTask.run(FutureTask.java:317)
	at java.base/java.util.concurrent.ThreadPoolExecutor.runWorker(ThreadPoolExecutor.java:1144)
	at java.base/java.util.concurrent.ThreadPoolExecutor$Worker.run(ThreadPoolExecutor.java:642)
	at java.base/java.lang.Thread.run(Thread.java:1570)
... Removed 17 stack frames</div></td></tr></table><p class="totop"><a href="#summary">back to summary</a></p>
<h3 id="m7">com.cutanddry.qa.synthetic_monitoring.driscoll_foods.VerifyTheHistoryTest#VerifyTheHistory</h3><table class="result"><tr><th>Exception</th></tr><tr><td><div class="stacktrace">java.lang.AssertionError: The following asserts failed:
	login error expected [true] but found [false],
	navigation error expected [true] but found [false]
	at com.cutanddry.qa.synthetic_monitoring.driscoll_foods.VerifyTheHistoryTest.VerifyTheHistory(VerifyTheHistoryTest.java:34)
	at java.base/java.util.ArrayList.forEach(ArrayList.java:1597)
	at java.base/java.util.concurrent.FutureTask.run(FutureTask.java:317)
	at java.base/java.util.concurrent.ThreadPoolExecutor.runWorker(ThreadPoolExecutor.java:1144)
	at java.base/java.util.concurrent.ThreadPoolExecutor$Worker.run(ThreadPoolExecutor.java:642)
	at java.base/java.lang.Thread.run(Thread.java:1570)
... Removed 17 stack frames</div></td></tr></table><p class="totop"><a href="#summary">back to summary</a></p>
<h3 id="m8">com.cutanddry.qa.synthetic_monitoring.driscoll_foods.VerifyThePaySectionTest#VerifyThePaySection</h3><table class="result"><tr><th>Exception</th></tr><tr><td><div class="stacktrace">java.lang.AssertionError: The following asserts failed:
	login error expected [true] but found [false],
	navigation error expected [true] but found [false],
	outstanding btn select error expected [true] but found [false],
	paid btn select error expected [true] but found [false]
	at com.cutanddry.qa.synthetic_monitoring.driscoll_foods.VerifyThePaySectionTest.VerifyThePaySection(VerifyThePaySectionTest.java:37)
	at java.base/java.util.ArrayList.forEach(ArrayList.java:1597)
	at java.base/java.util.concurrent.FutureTask.run(FutureTask.java:317)
	at java.base/java.util.concurrent.ThreadPoolExecutor.runWorker(ThreadPoolExecutor.java:1144)
	at java.base/java.util.concurrent.ThreadPoolExecutor$Worker.run(ThreadPoolExecutor.java:642)
	at java.base/java.lang.Thread.run(Thread.java:1570)
... Removed 17 stack frames</div></td></tr></table><p class="totop"><a href="#summary">back to summary</a></p>
<h3 id="m9">com.cutanddry.qa.synthetic_monitoring.driscoll_foods.VerifyTheUsersTest#VerifyTheUsers</h3><table class="result"><tr><th>Exception</th></tr><tr><td><div class="stacktrace">java.lang.AssertionError: The following asserts failed:
	login error expected [true] but found [false],
	navigation error expected [true] but found [false]
	at com.cutanddry.qa.synthetic_monitoring.driscoll_foods.VerifyTheUsersTest.VerifyTheUsers(VerifyTheUsersTest.java:34)
	at java.base/java.util.ArrayList.forEach(ArrayList.java:1597)
	at java.base/java.util.concurrent.FutureTask.run(FutureTask.java:317)
	at java.base/java.util.concurrent.ThreadPoolExecutor.runWorker(ThreadPoolExecutor.java:1144)
	at java.base/java.util.concurrent.ThreadPoolExecutor$Worker.run(ThreadPoolExecutor.java:642)
	at java.base/java.lang.Thread.run(Thread.java:1570)
... Removed 17 stack frames</div></td></tr></table><p class="totop"><a href="#summary">back to summary</a></p>
<h3 id="m10">com.cutanddry.qa.synthetic_monitoring.driscoll_foods.VerifyCustomerCatalogTest#VerifyCustomerCatalog</h3><table class="result"><tr><th class="invisible"/></tr></table><p class="totop"><a href="#summary">back to summary</a></p>
<h3 id="m11">com.cutanddry.qa.synthetic_monitoring.driscoll_foods.VerifyCustomerEditTest#VerifyCustomerEdit</h3><table class="result"><tr><th class="invisible"/></tr></table><p class="totop"><a href="#summary">back to summary</a></p>
<h3 id="m12">com.cutanddry.qa.synthetic_monitoring.driscoll_foods.VerifyCustomerOrderGuideTest#VerifyCustomerOrderGuide</h3><table class="result"><tr><th class="invisible"/></tr></table><p class="totop"><a href="#summary">back to summary</a></p>
<h3 id="m13">com.cutanddry.qa.synthetic_monitoring.driscoll_foods.VerifyCustomerSearchTest#VerifyCustomerSearch</h3><table class="result"><tr><th class="invisible"/></tr></table><p class="totop"><a href="#summary">back to summary</a></p>
<h3 id="m14">com.cutanddry.qa.synthetic_monitoring.driscoll_foods.VerifySettingsProfileTest#VerifyProfileSettings</h3><table class="result"><tr><th class="invisible"/></tr></table><p class="totop"><a href="#summary">back to summary</a></p>
<h3 id="m15">com.cutanddry.qa.synthetic_monitoring.driscoll_foods.VerifyTheChatTest#VerifyTheChat</h3><table class="result"><tr><th class="invisible"/></tr></table><p class="totop"><a href="#summary">back to summary</a></p>
<h3 id="m16">com.cutanddry.qa.synthetic_monitoring.driscoll_foods.VerifyTheDraftsTest#VerifyTheDrafts</h3><table class="result"><tr><th class="invisible"/></tr></table><p class="totop"><a href="#summary">back to summary</a></p>
</body>
</html>
