<?xml version="1.0" encoding="UTF-8"?>
<testsuite xmlns:xsi="http://www.w3.org/2001/XMLSchema-instance" xsi:noNamespaceSchemaLocation="https://maven.apache.org/surefire/maven-surefire-plugin/xsd/surefire-test-report.xsd" version="3.0.2" name="TestSuite" time="224.63" tests="2" errors="0" skipped="0" failures="0">
  <properties>
    <property name="surefire.suiteXmlFiles" value="regression.xml"/>
    <property name="java.specification.version" value="22"/>
    <property name="sun.jnu.encoding" value="UTF-8"/>
    <property name="java.class.path" value="/Users/senuriranatunga/Workspace/cut-dry-ui-automation-restaurant/target/test-classes:/Users/senuriranatunga/Workspace/cut-dry-ui-automation-restaurant/target/classes:/Users/senuriranatunga/.m2/repository/org/seleniumhq/selenium/selenium-java/4.23.0/selenium-java-4.23.0.jar:/Users/senuriranatunga/.m2/repository/org/seleniumhq/selenium/selenium-api/4.23.0/selenium-api-4.23.0.jar:/Users/senuriranatunga/.m2/repository/org/seleniumhq/selenium/selenium-chrome-driver/4.23.0/selenium-chrome-driver-4.23.0.jar:/Users/senuriranatunga/.m2/repository/com/google/auto/service/auto-service-annotations/1.1.1/auto-service-annotations-1.1.1.jar:/Users/senuriranatunga/.m2/repository/org/seleniumhq/selenium/selenium-chromium-driver/4.23.0/selenium-chromium-driver-4.23.0.jar:/Users/senuriranatunga/.m2/repository/org/seleniumhq/selenium/selenium-json/4.23.0/selenium-json-4.23.0.jar:/Users/senuriranatunga/.m2/repository/org/seleniumhq/selenium/selenium-manager/4.23.0/selenium-manager-4.23.0.jar:/Users/senuriranatunga/.m2/repository/org/seleniumhq/selenium/selenium-devtools-v125/4.23.0/selenium-devtools-v125-4.23.0.jar:/Users/senuriranatunga/.m2/repository/org/seleniumhq/selenium/selenium-devtools-v126/4.23.0/selenium-devtools-v126-4.23.0.jar:/Users/senuriranatunga/.m2/repository/org/seleniumhq/selenium/selenium-devtools-v127/4.23.0/selenium-devtools-v127-4.23.0.jar:/Users/senuriranatunga/.m2/repository/org/seleniumhq/selenium/selenium-devtools-v85/4.23.0/selenium-devtools-v85-4.23.0.jar:/Users/senuriranatunga/.m2/repository/org/seleniumhq/selenium/selenium-edge-driver/4.23.0/selenium-edge-driver-4.23.0.jar:/Users/senuriranatunga/.m2/repository/org/seleniumhq/selenium/selenium-firefox-driver/4.23.0/selenium-firefox-driver-4.23.0.jar:/Users/senuriranatunga/.m2/repository/org/seleniumhq/selenium/selenium-http/4.23.0/selenium-http-4.23.0.jar:/Users/senuriranatunga/.m2/repository/dev/failsafe/failsafe/3.3.2/failsafe-3.3.2.jar:/Users/senuriranatunga/.m2/repository/org/seleniumhq/selenium/selenium-ie-driver/4.23.0/selenium-ie-driver-4.23.0.jar:/Users/senuriranatunga/.m2/repository/org/seleniumhq/selenium/selenium-remote-driver/4.23.0/selenium-remote-driver-4.23.0.jar:/Users/senuriranatunga/.m2/repository/com/google/guava/guava/33.2.1-jre/guava-33.2.1-jre.jar:/Users/senuriranatunga/.m2/repository/com/google/guava/failureaccess/1.0.2/failureaccess-1.0.2.jar:/Users/senuriranatunga/.m2/repository/com/google/guava/listenablefuture/9999.0-empty-to-avoid-conflict-with-guava/listenablefuture-9999.0-empty-to-avoid-conflict-with-guava.jar:/Users/senuriranatunga/.m2/repository/com/google/code/findbugs/jsr305/3.0.2/jsr305-3.0.2.jar:/Users/senuriranatunga/.m2/repository/org/checkerframework/checker-qual/3.42.0/checker-qual-3.42.0.jar:/Users/senuriranatunga/.m2/repository/com/google/errorprone/error_prone_annotations/2.26.1/error_prone_annotations-2.26.1.jar:/Users/senuriranatunga/.m2/repository/com/google/j2objc/j2objc-annotations/3.0.0/j2objc-annotations-3.0.0.jar:/Users/senuriranatunga/.m2/repository/io/opentelemetry/semconv/opentelemetry-semconv/1.25.0-alpha/opentelemetry-semconv-1.25.0-alpha.jar:/Users/senuriranatunga/.m2/repository/io/opentelemetry/opentelemetry-api/1.40.0/opentelemetry-api-1.40.0.jar:/Users/senuriranatunga/.m2/repository/io/opentelemetry/opentelemetry-context/1.40.0/opentelemetry-context-1.40.0.jar:/Users/senuriranatunga/.m2/repository/io/opentelemetry/opentelemetry-exporter-logging/1.40.0/opentelemetry-exporter-logging-1.40.0.jar:/Users/senuriranatunga/.m2/repository/io/opentelemetry/opentelemetry-sdk-common/1.40.0/opentelemetry-sdk-common-1.40.0.jar:/Users/senuriranatunga/.m2/repository/io/opentelemetry/opentelemetry-sdk-extension-autoconfigure-spi/1.40.0/opentelemetry-sdk-extension-autoconfigure-spi-1.40.0.jar:/Users/senuriranatunga/.m2/repository/io/opentelemetry/opentelemetry-sdk-extension-autoconfigure/1.40.0/opentelemetry-sdk-extension-autoconfigure-1.40.0.jar:/Users/senuriranatunga/.m2/repository/io/opentelemetry/opentelemetry-api-incubator/1.40.0-alpha/opentelemetry-api-incubator-1.40.0-alpha.jar:/Users/senuriranatunga/.m2/repository/io/opentelemetry/opentelemetry-sdk-trace/1.40.0/opentelemetry-sdk-trace-1.40.0.jar:/Users/senuriranatunga/.m2/repository/io/opentelemetry/opentelemetry-sdk/1.40.0/opentelemetry-sdk-1.40.0.jar:/Users/senuriranatunga/.m2/repository/io/opentelemetry/opentelemetry-sdk-metrics/1.40.0/opentelemetry-sdk-metrics-1.40.0.jar:/Users/senuriranatunga/.m2/repository/io/opentelemetry/opentelemetry-sdk-logs/1.40.0/opentelemetry-sdk-logs-1.40.0.jar:/Users/senuriranatunga/.m2/repository/net/bytebuddy/byte-buddy/1.14.18/byte-buddy-1.14.18.jar:/Users/senuriranatunga/.m2/repository/org/seleniumhq/selenium/selenium-os/4.23.0/selenium-os-4.23.0.jar:/Users/senuriranatunga/.m2/repository/org/apache/commons/commons-exec/1.4.0/commons-exec-1.4.0.jar:/Users/senuriranatunga/.m2/repository/org/seleniumhq/selenium/selenium-safari-driver/4.23.0/selenium-safari-driver-4.23.0.jar:/Users/senuriranatunga/.m2/repository/org/seleniumhq/selenium/selenium-support/4.23.0/selenium-support-4.23.0.jar:/Users/senuriranatunga/.m2/repository/org/testng/testng/7.10.2/testng-7.10.2.jar:/Users/senuriranatunga/.m2/repository/org/slf4j/slf4j-api/1.7.36/slf4j-api-1.7.36.jar:/Users/senuriranatunga/.m2/repository/com/beust/jcommander/1.82/jcommander-1.82.jar:/Users/senuriranatunga/.m2/repository/org/webjars/jquery/3.7.1/jquery-3.7.1.jar:/Users/senuriranatunga/.m2/repository/com/fasterxml/jackson/core/jackson-databind/2.17.2/jackson-databind-2.17.2.jar:/Users/senuriranatunga/.m2/repository/com/fasterxml/jackson/core/jackson-annotations/2.17.2/jackson-annotations-2.17.2.jar:/Users/senuriranatunga/.m2/repository/com/fasterxml/jackson/core/jackson-core/2.17.2/jackson-core-2.17.2.jar:/Users/senuriranatunga/.m2/repository/org/projectlombok/lombok/1.18.34/lombok-1.18.34.jar:/Users/senuriranatunga/.m2/repository/org/slf4j/slf4j-simple/1.7.32/slf4j-simple-1.7.32.jar:/Users/senuriranatunga/.m2/repository/com/squareup/okhttp3/okhttp/5.0.0-alpha.14/okhttp-5.0.0-alpha.14.jar:/Users/senuriranatunga/.m2/repository/com/squareup/okio/okio-jvm/3.9.0/okio-jvm-3.9.0.jar:/Users/senuriranatunga/.m2/repository/org/jetbrains/kotlin/kotlin-stdlib/1.9.23/kotlin-stdlib-1.9.23.jar:/Users/senuriranatunga/.m2/repository/org/jetbrains/annotations/13.0/annotations-13.0.jar:/Users/senuriranatunga/.m2/repository/org/json/json/20240303/json-20240303.jar:/Users/senuriranatunga/.m2/repository/commons-io/commons-io/2.16.1/commons-io-2.16.1.jar:/Users/senuriranatunga/.m2/repository/io/rest-assured/rest-assured/5.5.0/rest-assured-5.5.0.jar:/Users/senuriranatunga/.m2/repository/org/apache/groovy/groovy/4.0.22/groovy-4.0.22.jar:/Users/senuriranatunga/.m2/repository/org/apache/groovy/groovy-xml/4.0.22/groovy-xml-4.0.22.jar:/Users/senuriranatunga/.m2/repository/org/apache/httpcomponents/httpclient/4.5.13/httpclient-4.5.13.jar:/Users/senuriranatunga/.m2/repository/org/apache/httpcomponents/httpcore/4.4.13/httpcore-4.4.13.jar:/Users/senuriranatunga/.m2/repository/commons-logging/commons-logging/1.2/commons-logging-1.2.jar:/Users/senuriranatunga/.m2/repository/commons-codec/commons-codec/1.11/commons-codec-1.11.jar:/Users/senuriranatunga/.m2/repository/org/apache/httpcomponents/httpmime/4.5.13/httpmime-4.5.13.jar:/Users/senuriranatunga/.m2/repository/org/hamcrest/hamcrest/2.2/hamcrest-2.2.jar:/Users/senuriranatunga/.m2/repository/org/ccil/cowan/tagsoup/tagsoup/1.2.1/tagsoup-1.2.1.jar:/Users/senuriranatunga/.m2/repository/io/rest-assured/json-path/5.5.0/json-path-5.5.0.jar:/Users/senuriranatunga/.m2/repository/org/apache/groovy/groovy-json/4.0.22/groovy-json-4.0.22.jar:/Users/senuriranatunga/.m2/repository/io/rest-assured/rest-assured-common/5.5.0/rest-assured-common-5.5.0.jar:/Users/senuriranatunga/.m2/repository/io/rest-assured/xml-path/5.5.0/xml-path-5.5.0.jar:/Users/senuriranatunga/.m2/repository/org/apache/commons/commons-lang3/3.11/commons-lang3-3.11.jar:"/>
    <property name="java.vm.vendor" value="Homebrew"/>
    <property name="sun.arch.data.model" value="64"/>
    <property name="java.vendor.url" value="https://github.com/Homebrew/homebrew-core/issues"/>
    <property name="user.timezone" value="Asia/Colombo"/>
    <property name="os.name" value="Mac OS X"/>
    <property name="java.vm.specification.version" value="22"/>
    <property name="sun.java.launcher" value="SUN_STANDARD"/>
    <property name="user.country" value="US"/>
    <property name="sun.boot.library.path" value="/opt/homebrew/Cellar/openjdk/22.0.2/libexec/openjdk.jdk/Contents/Home/lib"/>
    <property name="sun.java.command" value="/Users/senuriranatunga/Workspace/cut-dry-ui-automation-restaurant/target/surefire/surefirebooter-20240926174349235_3.jar /Users/senuriranatunga/Workspace/cut-dry-ui-automation-restaurant/target/surefire 2024-09-26T17-43-49_189-jvmRun1 surefire-20240926174349235_1tmp surefire_0-20240926174349235_2tmp"/>
    <property name="http.nonProxyHosts" value="local|*.local|169.254/16|*.169.254/16"/>
    <property name="jdk.debug" value="release"/>
    <property name="surefire.test.class.path" value="/Users/senuriranatunga/Workspace/cut-dry-ui-automation-restaurant/target/test-classes:/Users/senuriranatunga/Workspace/cut-dry-ui-automation-restaurant/target/classes:/Users/senuriranatunga/.m2/repository/org/seleniumhq/selenium/selenium-java/4.23.0/selenium-java-4.23.0.jar:/Users/senuriranatunga/.m2/repository/org/seleniumhq/selenium/selenium-api/4.23.0/selenium-api-4.23.0.jar:/Users/senuriranatunga/.m2/repository/org/seleniumhq/selenium/selenium-chrome-driver/4.23.0/selenium-chrome-driver-4.23.0.jar:/Users/senuriranatunga/.m2/repository/com/google/auto/service/auto-service-annotations/1.1.1/auto-service-annotations-1.1.1.jar:/Users/senuriranatunga/.m2/repository/org/seleniumhq/selenium/selenium-chromium-driver/4.23.0/selenium-chromium-driver-4.23.0.jar:/Users/senuriranatunga/.m2/repository/org/seleniumhq/selenium/selenium-json/4.23.0/selenium-json-4.23.0.jar:/Users/senuriranatunga/.m2/repository/org/seleniumhq/selenium/selenium-manager/4.23.0/selenium-manager-4.23.0.jar:/Users/senuriranatunga/.m2/repository/org/seleniumhq/selenium/selenium-devtools-v125/4.23.0/selenium-devtools-v125-4.23.0.jar:/Users/senuriranatunga/.m2/repository/org/seleniumhq/selenium/selenium-devtools-v126/4.23.0/selenium-devtools-v126-4.23.0.jar:/Users/senuriranatunga/.m2/repository/org/seleniumhq/selenium/selenium-devtools-v127/4.23.0/selenium-devtools-v127-4.23.0.jar:/Users/senuriranatunga/.m2/repository/org/seleniumhq/selenium/selenium-devtools-v85/4.23.0/selenium-devtools-v85-4.23.0.jar:/Users/senuriranatunga/.m2/repository/org/seleniumhq/selenium/selenium-edge-driver/4.23.0/selenium-edge-driver-4.23.0.jar:/Users/senuriranatunga/.m2/repository/org/seleniumhq/selenium/selenium-firefox-driver/4.23.0/selenium-firefox-driver-4.23.0.jar:/Users/senuriranatunga/.m2/repository/org/seleniumhq/selenium/selenium-http/4.23.0/selenium-http-4.23.0.jar:/Users/senuriranatunga/.m2/repository/dev/failsafe/failsafe/3.3.2/failsafe-3.3.2.jar:/Users/senuriranatunga/.m2/repository/org/seleniumhq/selenium/selenium-ie-driver/4.23.0/selenium-ie-driver-4.23.0.jar:/Users/senuriranatunga/.m2/repository/org/seleniumhq/selenium/selenium-remote-driver/4.23.0/selenium-remote-driver-4.23.0.jar:/Users/senuriranatunga/.m2/repository/com/google/guava/guava/33.2.1-jre/guava-33.2.1-jre.jar:/Users/senuriranatunga/.m2/repository/com/google/guava/failureaccess/1.0.2/failureaccess-1.0.2.jar:/Users/senuriranatunga/.m2/repository/com/google/guava/listenablefuture/9999.0-empty-to-avoid-conflict-with-guava/listenablefuture-9999.0-empty-to-avoid-conflict-with-guava.jar:/Users/senuriranatunga/.m2/repository/com/google/code/findbugs/jsr305/3.0.2/jsr305-3.0.2.jar:/Users/senuriranatunga/.m2/repository/org/checkerframework/checker-qual/3.42.0/checker-qual-3.42.0.jar:/Users/senuriranatunga/.m2/repository/com/google/errorprone/error_prone_annotations/2.26.1/error_prone_annotations-2.26.1.jar:/Users/senuriranatunga/.m2/repository/com/google/j2objc/j2objc-annotations/3.0.0/j2objc-annotations-3.0.0.jar:/Users/senuriranatunga/.m2/repository/io/opentelemetry/semconv/opentelemetry-semconv/1.25.0-alpha/opentelemetry-semconv-1.25.0-alpha.jar:/Users/senuriranatunga/.m2/repository/io/opentelemetry/opentelemetry-api/1.40.0/opentelemetry-api-1.40.0.jar:/Users/senuriranatunga/.m2/repository/io/opentelemetry/opentelemetry-context/1.40.0/opentelemetry-context-1.40.0.jar:/Users/senuriranatunga/.m2/repository/io/opentelemetry/opentelemetry-exporter-logging/1.40.0/opentelemetry-exporter-logging-1.40.0.jar:/Users/senuriranatunga/.m2/repository/io/opentelemetry/opentelemetry-sdk-common/1.40.0/opentelemetry-sdk-common-1.40.0.jar:/Users/senuriranatunga/.m2/repository/io/opentelemetry/opentelemetry-sdk-extension-autoconfigure-spi/1.40.0/opentelemetry-sdk-extension-autoconfigure-spi-1.40.0.jar:/Users/senuriranatunga/.m2/repository/io/opentelemetry/opentelemetry-sdk-extension-autoconfigure/1.40.0/opentelemetry-sdk-extension-autoconfigure-1.40.0.jar:/Users/senuriranatunga/.m2/repository/io/opentelemetry/opentelemetry-api-incubator/1.40.0-alpha/opentelemetry-api-incubator-1.40.0-alpha.jar:/Users/senuriranatunga/.m2/repository/io/opentelemetry/opentelemetry-sdk-trace/1.40.0/opentelemetry-sdk-trace-1.40.0.jar:/Users/senuriranatunga/.m2/repository/io/opentelemetry/opentelemetry-sdk/1.40.0/opentelemetry-sdk-1.40.0.jar:/Users/senuriranatunga/.m2/repository/io/opentelemetry/opentelemetry-sdk-metrics/1.40.0/opentelemetry-sdk-metrics-1.40.0.jar:/Users/senuriranatunga/.m2/repository/io/opentelemetry/opentelemetry-sdk-logs/1.40.0/opentelemetry-sdk-logs-1.40.0.jar:/Users/senuriranatunga/.m2/repository/net/bytebuddy/byte-buddy/1.14.18/byte-buddy-1.14.18.jar:/Users/senuriranatunga/.m2/repository/org/seleniumhq/selenium/selenium-os/4.23.0/selenium-os-4.23.0.jar:/Users/senuriranatunga/.m2/repository/org/apache/commons/commons-exec/1.4.0/commons-exec-1.4.0.jar:/Users/senuriranatunga/.m2/repository/org/seleniumhq/selenium/selenium-safari-driver/4.23.0/selenium-safari-driver-4.23.0.jar:/Users/senuriranatunga/.m2/repository/org/seleniumhq/selenium/selenium-support/4.23.0/selenium-support-4.23.0.jar:/Users/senuriranatunga/.m2/repository/org/testng/testng/7.10.2/testng-7.10.2.jar:/Users/senuriranatunga/.m2/repository/org/slf4j/slf4j-api/1.7.36/slf4j-api-1.7.36.jar:/Users/senuriranatunga/.m2/repository/com/beust/jcommander/1.82/jcommander-1.82.jar:/Users/senuriranatunga/.m2/repository/org/webjars/jquery/3.7.1/jquery-3.7.1.jar:/Users/senuriranatunga/.m2/repository/com/fasterxml/jackson/core/jackson-databind/2.17.2/jackson-databind-2.17.2.jar:/Users/senuriranatunga/.m2/repository/com/fasterxml/jackson/core/jackson-annotations/2.17.2/jackson-annotations-2.17.2.jar:/Users/senuriranatunga/.m2/repository/com/fasterxml/jackson/core/jackson-core/2.17.2/jackson-core-2.17.2.jar:/Users/senuriranatunga/.m2/repository/org/projectlombok/lombok/1.18.34/lombok-1.18.34.jar:/Users/senuriranatunga/.m2/repository/org/slf4j/slf4j-simple/1.7.32/slf4j-simple-1.7.32.jar:/Users/senuriranatunga/.m2/repository/com/squareup/okhttp3/okhttp/5.0.0-alpha.14/okhttp-5.0.0-alpha.14.jar:/Users/senuriranatunga/.m2/repository/com/squareup/okio/okio-jvm/3.9.0/okio-jvm-3.9.0.jar:/Users/senuriranatunga/.m2/repository/org/jetbrains/kotlin/kotlin-stdlib/1.9.23/kotlin-stdlib-1.9.23.jar:/Users/senuriranatunga/.m2/repository/org/jetbrains/annotations/13.0/annotations-13.0.jar:/Users/senuriranatunga/.m2/repository/org/json/json/20240303/json-20240303.jar:/Users/senuriranatunga/.m2/repository/commons-io/commons-io/2.16.1/commons-io-2.16.1.jar:/Users/senuriranatunga/.m2/repository/io/rest-assured/rest-assured/5.5.0/rest-assured-5.5.0.jar:/Users/senuriranatunga/.m2/repository/org/apache/groovy/groovy/4.0.22/groovy-4.0.22.jar:/Users/senuriranatunga/.m2/repository/org/apache/groovy/groovy-xml/4.0.22/groovy-xml-4.0.22.jar:/Users/senuriranatunga/.m2/repository/org/apache/httpcomponents/httpclient/4.5.13/httpclient-4.5.13.jar:/Users/senuriranatunga/.m2/repository/org/apache/httpcomponents/httpcore/4.4.13/httpcore-4.4.13.jar:/Users/senuriranatunga/.m2/repository/commons-logging/commons-logging/1.2/commons-logging-1.2.jar:/Users/senuriranatunga/.m2/repository/commons-codec/commons-codec/1.11/commons-codec-1.11.jar:/Users/senuriranatunga/.m2/repository/org/apache/httpcomponents/httpmime/4.5.13/httpmime-4.5.13.jar:/Users/senuriranatunga/.m2/repository/org/hamcrest/hamcrest/2.2/hamcrest-2.2.jar:/Users/senuriranatunga/.m2/repository/org/ccil/cowan/tagsoup/tagsoup/1.2.1/tagsoup-1.2.1.jar:/Users/senuriranatunga/.m2/repository/io/rest-assured/json-path/5.5.0/json-path-5.5.0.jar:/Users/senuriranatunga/.m2/repository/org/apache/groovy/groovy-json/4.0.22/groovy-json-4.0.22.jar:/Users/senuriranatunga/.m2/repository/io/rest-assured/rest-assured-common/5.5.0/rest-assured-common-5.5.0.jar:/Users/senuriranatunga/.m2/repository/io/rest-assured/xml-path/5.5.0/xml-path-5.5.0.jar:/Users/senuriranatunga/.m2/repository/org/apache/commons/commons-lang3/3.11/commons-lang3-3.11.jar:"/>
    <property name="sun.cpu.endian" value="little"/>
    <property name="user.home" value="/Users/senuriranatunga"/>
    <property name="user.language" value="en"/>
    <property name="java.specification.vendor" value="Oracle Corporation"/>
    <property name="java.version.date" value="2024-07-16"/>
    <property name="java.home" value="/opt/homebrew/Cellar/openjdk/22.0.2/libexec/openjdk.jdk/Contents/Home"/>
    <property name="file.separator" value="/"/>
    <property name="basedir" value="/Users/senuriranatunga/Workspace/cut-dry-ui-automation-restaurant"/>
    <property name="java.vm.compressedOopsMode" value="Zero based"/>
    <property name="line.separator" value="&#10;"/>
    <property name="java.vm.specification.vendor" value="Oracle Corporation"/>
    <property name="java.specification.name" value="Java Platform API Specification"/>
    <property name="apple.awt.application.name" value="ForkedBooter"/>
    <property name="surefire.real.class.path" value="/Users/senuriranatunga/Workspace/cut-dry-ui-automation-restaurant/target/surefire/surefirebooter-20240926174349235_3.jar"/>
    <property name="sun.management.compiler" value="HotSpot 64-Bit Tiered Compilers"/>
    <property name="ftp.nonProxyHosts" value="local|*.local|169.254/16|*.169.254/16"/>
    <property name="java.runtime.version" value="22.0.2"/>
    <property name="user.name" value="senuriranatunga"/>
    <property name="stdout.encoding" value="UTF-8"/>
    <property name="path.separator" value=":"/>
    <property name="os.version" value="14.6.1"/>
    <property name="java.runtime.name" value="OpenJDK Runtime Environment"/>
    <property name="file.encoding" value="UTF-8"/>
    <property name="java.vm.name" value="OpenJDK 64-Bit Server VM"/>
    <property name="java.vendor.version" value="Homebrew"/>
    <property name="localRepository" value="/Users/senuriranatunga/.m2/repository"/>
    <property name="java.vendor.url.bug" value="https://github.com/Homebrew/homebrew-core/issues"/>
    <property name="java.io.tmpdir" value="/var/folders/fv/5hy5g0kn5c7c57ffw18vvstm0000gn/T/"/>
    <property name="java.version" value="22.0.2"/>
    <property name="user.dir" value="/Users/senuriranatunga/Workspace/cut-dry-ui-automation-restaurant"/>
    <property name="os.arch" value="aarch64"/>
    <property name="java.vm.specification.name" value="Java Virtual Machine Specification"/>
    <property name="native.encoding" value="UTF-8"/>
    <property name="java.library.path" value="/Users/senuriranatunga/Library/Java/Extensions:/Library/Java/Extensions:/Network/Library/Java/Extensions:/System/Library/Java/Extensions:/usr/lib/java:."/>
    <property name="java.vm.info" value="mixed mode, sharing"/>
    <property name="stderr.encoding" value="UTF-8"/>
    <property name="java.vendor" value="Homebrew"/>
    <property name="java.vm.version" value="22.0.2"/>
    <property name="sun.io.unicode.encoding" value="UnicodeBig"/>
    <property name="run.headless" value="true"/>
    <property name="socksNonProxyHosts" value="local|*.local|169.254/16|*.169.254/16"/>
    <property name="java.class.version" value="66.0"/>
  </properties>
  <testcase name="editProductQtyFrmCatalog" classname="com.cutanddry.qa.tests.OrderGuide.EditProductQtyFrmCatalogTest" time="95.794">
    <system-out><![CDATA[Transforming annotation for test: editProductQtyFrmCatalog
Transforming annotation for test: verifyCreatingOrdersWithCatalogItems
Request method:	POST
Request URI:	https://tcms.aiojiraapps.com/aio-tcms/api/v1/project/DOT/testcycle/DOT-CY-/testcase/DOT-TC-58
Response Status Code: 404
Response Content Type: text/plain
For the selected project, No Cycle found with Key: DOT-CY-
Request method:	POST
Request URI:	https://tcms.aiojiraapps.com/aio-tcms/api/v1/project/DOT/testcycle/DOT-CY-/testcase/DOT-TC-58/testrun?createNewRun=false
Response Status Code: 404
Response Content Type: text/plain
For the selected project, No Cycle found with Key: DOT-CY-
]]></system-out>
    <system-err><![CDATA[Sep 26, 2024 5:43:59 PM org.openqa.selenium.devtools.CdpVersionFinder findNearestMatch
WARNING: Unable to find an exact match for CDP version 129, returning the closest version; found: 127; Please update to a Selenium version that supports CDP version 129
Sep 26, 2024 5:44:04 PM com.cutanddry.qa.base.TestBase initialization
INFO: WebDriver initialized and navigated to the URL: https://app-uat.staging.cutanddry.com/
Failed to post case. Status Code: 404
Unexpected response format. Response: For the selected project, No Cycle found with Key: DOT-CY-
[TestNG-tests-1] INFO com.cutanddry.qa.base.KeywordBase - Sent keys to element: By.xpath: //input[@placeholder='Email or mobile'] with data: 415-505-5531
[TestNG-tests-1] INFO com.cutanddry.qa.base.KeywordBase - Sent keys to element: By.xpath: //input[@placeholder='Password'] with data: NovaN@123
[TestNG-tests-1] INFO com.cutanddry.qa.base.KeywordBase - Clicked on element: By.xpath: //button[@type='submit']
[TestNG-tests-1] INFO com.cutanddry.qa.base.KeywordBase - Waited for visibility of element: By.xpath: //div[text()='Place Order']
[TestNG-tests-1] INFO com.cutanddry.qa.base.KeywordBase - Element is displayed: By.xpath: //div[text()='Place Order']
[TestNG-tests-1] INFO com.cutanddry.qa.base.KeywordBase - Waited for visibility of element: By.xpath: //div[text()='Place Order']
[TestNG-tests-1] INFO com.cutanddry.qa.base.KeywordBase - Element is displayed: By.xpath: //div[text()='Place Order']
[TestNG-tests-1] INFO com.cutanddry.qa.base.KeywordBase - Clicked on element: By.xpath: //div[contains(text(), 'Independent Foods Co')]
[TestNG-tests-1] INFO com.cutanddry.qa.base.KeywordBase - Clicked on element: By.xpath: //div[contains(text(), 'Hayes')]
[TestNG-tests-1] ERROR com.cutanddry.qa.base.KeywordBase - Failed to check if element is displayed: By.xpath: //div[contains(text(), 'Test_Automation') and contains(@class, 'w-100')]
org.openqa.selenium.TimeoutException: Expected condition failed: waiting for visibility of element located by By.xpath: //div[contains(text(), 'Test_Automation') and contains(@class, 'w-100')] (tried for 20 second(s) with 500 milliseconds interval)
Build info: version: '4.23.0', revision: '4df0a231af'
System info: os.name: 'Mac OS X', os.arch: 'aarch64', os.version: '14.6.1', java.version: '22.0.2'
Driver info: org.openqa.selenium.chrome.ChromeDriver
Capabilities {acceptInsecureCerts: false, browserName: chrome, browserVersion: 129.0.6668.60, chrome: {chromedriverVersion: 129.0.6668.58 (81a06fb873a9..., userDataDir: /var/folders/fv/5hy5g0kn5c7...}, fedcm:accounts: true, goog:chromeOptions: {debuggerAddress: localhost:63943}, networkConnectionEnabled: false, pageLoadStrategy: normal, platformName: mac, proxy: Proxy(), se:cdp: ws://localhost:63943/devtoo..., se:cdpVersion: 129.0.6668.60, setWindowRect: true, strictFileInteractability: false, timeouts: {implicit: 0, pageLoad: 300000, script: 30000}, unhandledPromptBehavior: dismiss and notify, webauthn:extension:credBlob: true, webauthn:extension:largeBlob: true, webauthn:extension:minPinLength: true, webauthn:extension:prf: true, webauthn:virtualAuthenticators: true}
Session ID: 07bb333bdae223c14aef093b7e15f6ec
	at org.openqa.selenium.support.ui.WebDriverWait.timeoutException(WebDriverWait.java:84)
	at org.openqa.selenium.support.ui.FluentWait.until(FluentWait.java:228)
	at com.cutanddry.qa.base.KeywordBase.isDisplayed(KeywordBase.java:137)
	at com.cutanddry.qa.pages.DashboardPage.isTestAutomationPopupDisplayed(DashboardPage.java:45)
	at com.cutanddry.qa.functions.Dashboard.navigateToOrderGuide(Dashboard.java:19)
	at com.cutanddry.qa.tests.OrderGuide.EditProductQtyFrmCatalogTest.editProductQtyFrmCatalog(EditProductQtyFrmCatalogTest.java:32)
	at java.base/jdk.internal.reflect.DirectMethodHandleAccessor.invoke(DirectMethodHandleAccessor.java:103)
	at java.base/java.lang.reflect.Method.invoke(Method.java:580)
	at org.testng.internal.invokers.MethodInvocationHelper.invokeMethod(MethodInvocationHelper.java:141)
	at org.testng.internal.invokers.TestInvoker.invokeMethod(TestInvoker.java:686)
	at org.testng.internal.invokers.TestInvoker.invokeTestMethod(TestInvoker.java:230)
	at org.testng.internal.invokers.MethodRunner.runInSequence(MethodRunner.java:63)
	at org.testng.internal.invokers.TestInvoker$MethodInvocationAgent.invoke(TestInvoker.java:992)
	at org.testng.internal.invokers.TestInvoker.invokeTestMethods(TestInvoker.java:203)
	at org.testng.internal.invokers.TestMethodWorker.invokeTestMethods(TestMethodWorker.java:154)
	at org.testng.internal.invokers.TestMethodWorker.run(TestMethodWorker.java:134)
	at java.base/java.util.ArrayList.forEach(ArrayList.java:1597)
	at org.testng.TestRunner.privateRun(TestRunner.java:739)
	at org.testng.TestRunner.run(TestRunner.java:614)
	at org.testng.SuiteRunner.runTest(SuiteRunner.java:421)
	at org.testng.SuiteRunner$SuiteWorker.run(SuiteRunner.java:463)
	at org.testng.internal.thread.ThreadUtil.lambda$execute$0(ThreadUtil.java:64)
	at java.base/java.util.concurrent.FutureTask.run(FutureTask.java:317)
	at java.base/java.util.concurrent.ThreadPoolExecutor.runWorker(ThreadPoolExecutor.java:1144)
	at java.base/java.util.concurrent.ThreadPoolExecutor$Worker.run(ThreadPoolExecutor.java:642)
	at java.base/java.lang.Thread.run(Thread.java:1570)
[TestNG-tests-1] ERROR com.cutanddry.qa.base.KeywordBase - Failed to wait for element By.xpath: //div[contains(text(),'previous draft order')]/..//div[text()='No'] to be enabled.
org.openqa.selenium.TimeoutException: Expected condition failed: waiting for com.cutanddry.qa.base.KeywordBase$$Lambda/0x000003f801423ac8@28b0375f (tried for 20 second(s) with 500 milliseconds interval)
	at org.openqa.selenium.support.ui.WebDriverWait.timeoutException(WebDriverWait.java:84)
	at org.openqa.selenium.support.ui.FluentWait.until(FluentWait.java:228)
	at com.cutanddry.qa.base.KeywordBase.waitForElementEnabledState(KeywordBase.java:174)
	at com.cutanddry.qa.pages.CustomersPage.isPreviousDraftOrderNoDisplayed(CustomersPage.java:77)
	at com.cutanddry.qa.functions.Dashboard.navigateToOrderGuide(Dashboard.java:22)
	at com.cutanddry.qa.tests.OrderGuide.EditProductQtyFrmCatalogTest.editProductQtyFrmCatalog(EditProductQtyFrmCatalogTest.java:32)
	at java.base/jdk.internal.reflect.DirectMethodHandleAccessor.invoke(DirectMethodHandleAccessor.java:103)
	at java.base/java.lang.reflect.Method.invoke(Method.java:580)
	at org.testng.internal.invokers.MethodInvocationHelper.invokeMethod(MethodInvocationHelper.java:141)
	at org.testng.internal.invokers.TestInvoker.invokeMethod(TestInvoker.java:686)
	at org.testng.internal.invokers.TestInvoker.invokeTestMethod(TestInvoker.java:230)
	at org.testng.internal.invokers.MethodRunner.runInSequence(MethodRunner.java:63)
	at org.testng.internal.invokers.TestInvoker$MethodInvocationAgent.invoke(TestInvoker.java:992)
	at org.testng.internal.invokers.TestInvoker.invokeTestMethods(TestInvoker.java:203)
	at org.testng.internal.invokers.TestMethodWorker.invokeTestMethods(TestMethodWorker.java:154)
	at org.testng.internal.invokers.TestMethodWorker.run(TestMethodWorker.java:134)
	at java.base/java.util.ArrayList.forEach(ArrayList.java:1597)
	at org.testng.TestRunner.privateRun(TestRunner.java:739)
	at org.testng.TestRunner.run(TestRunner.java:614)
	at org.testng.SuiteRunner.runTest(SuiteRunner.java:421)
	at org.testng.SuiteRunner$SuiteWorker.run(SuiteRunner.java:463)
	at org.testng.internal.thread.ThreadUtil.lambda$execute$0(ThreadUtil.java:64)
	at java.base/java.util.concurrent.FutureTask.run(FutureTask.java:317)
	at java.base/java.util.concurrent.ThreadPoolExecutor.runWorker(ThreadPoolExecutor.java:1144)
	at java.base/java.util.concurrent.ThreadPoolExecutor$Worker.run(ThreadPoolExecutor.java:642)
	at java.base/java.lang.Thread.run(Thread.java:1570)
Caused by: org.openqa.selenium.NoSuchElementException: no such element: Unable to locate element: {"method":"xpath","selector":"//div[contains(text(),'previous draft order')]/..//div[text()='No']"}
  (Session info: chrome=129.0.6668.60)
For documentation on this error, please visit: https://www.selenium.dev/documentation/webdriver/troubleshooting/errors#no-such-element-exception
Build info: version: '4.23.0', revision: '4df0a231af'
System info: os.name: 'Mac OS X', os.arch: 'aarch64', os.version: '14.6.1', java.version: '22.0.2'
Driver info: org.openqa.selenium.chrome.ChromeDriver
Command: [07bb333bdae223c14aef093b7e15f6ec, findElement {value=//div[contains(text(),'previous draft order')]/..//div[text()='No'], using=xpath}]
Capabilities {acceptInsecureCerts: false, browserName: chrome, browserVersion: 129.0.6668.60, chrome: {chromedriverVersion: 129.0.6668.58 (81a06fb873a9..., userDataDir: /var/folders/fv/5hy5g0kn5c7...}, fedcm:accounts: true, goog:chromeOptions: {debuggerAddress: localhost:63943}, networkConnectionEnabled: false, pageLoadStrategy: normal, platformName: mac, proxy: Proxy(), se:cdp: ws://localhost:63943/devtoo..., se:cdpVersion: 129.0.6668.60, setWindowRect: true, strictFileInteractability: false, timeouts: {implicit: 0, pageLoad: 300000, script: 30000}, unhandledPromptBehavior: dismiss and notify, webauthn:extension:credBlob: true, webauthn:extension:largeBlob: true, webauthn:extension:minPinLength: true, webauthn:extension:prf: true, webauthn:virtualAuthenticators: true}
Session ID: 07bb333bdae223c14aef093b7e15f6ec
	at java.base/jdk.internal.reflect.DirectConstructorHandleAccessor.newInstance(DirectConstructorHandleAccessor.java:62)
	at java.base/java.lang.reflect.Constructor.newInstanceWithCaller(Constructor.java:502)
	at java.base/java.lang.reflect.Constructor.newInstance(Constructor.java:486)
	at org.openqa.selenium.remote.ErrorCodec.decode(ErrorCodec.java:167)
	at org.openqa.selenium.remote.codec.w3c.W3CHttpResponseCodec.decode(W3CHttpResponseCodec.java:138)
	at org.openqa.selenium.remote.codec.w3c.W3CHttpResponseCodec.decode(W3CHttpResponseCodec.java:50)
	at org.openqa.selenium.remote.HttpCommandExecutor.execute(HttpCommandExecutor.java:190)
	at org.openqa.selenium.remote.service.DriverCommandExecutor.invokeExecute(DriverCommandExecutor.java:216)
	at org.openqa.selenium.remote.service.DriverCommandExecutor.execute(DriverCommandExecutor.java:174)
	at org.openqa.selenium.remote.RemoteWebDriver.execute(RemoteWebDriver.java:527)
	at org.openqa.selenium.remote.ElementLocation$ElementFinder$2.findElement(ElementLocation.java:165)
	at org.openqa.selenium.remote.ElementLocation.findElement(ElementLocation.java:59)
	at org.openqa.selenium.remote.RemoteWebDriver.findElement(RemoteWebDriver.java:357)
	at org.openqa.selenium.remote.RemoteWebDriver.findElement(RemoteWebDriver.java:351)
	at com.cutanddry.qa.base.KeywordBase.lambda$waitForElementEnabledState$0(KeywordBase.java:176)
	at org.openqa.selenium.support.ui.FluentWait.until(FluentWait.java:203)
	... 24 more
[TestNG-tests-1] ERROR com.cutanddry.qa.base.KeywordBase - Failed to check if element is displayed: By.xpath: //div[contains(text(),'previous draft order')]/..//div[text()='No']
org.openqa.selenium.TimeoutException: Expected condition failed: waiting for visibility of element located by By.xpath: //div[contains(text(),'previous draft order')]/..//div[text()='No'] (tried for 20 second(s) with 500 milliseconds interval)
Build info: version: '4.23.0', revision: '4df0a231af'
System info: os.name: 'Mac OS X', os.arch: 'aarch64', os.version: '14.6.1', java.version: '22.0.2'
Driver info: org.openqa.selenium.chrome.ChromeDriver
Capabilities {acceptInsecureCerts: false, browserName: chrome, browserVersion: 129.0.6668.60, chrome: {chromedriverVersion: 129.0.6668.58 (81a06fb873a9..., userDataDir: /var/folders/fv/5hy5g0kn5c7...}, fedcm:accounts: true, goog:chromeOptions: {debuggerAddress: localhost:63943}, networkConnectionEnabled: false, pageLoadStrategy: normal, platformName: mac, proxy: Proxy(), se:cdp: ws://localhost:63943/devtoo..., se:cdpVersion: 129.0.6668.60, setWindowRect: true, strictFileInteractability: false, timeouts: {implicit: 0, pageLoad: 300000, script: 30000}, unhandledPromptBehavior: dismiss and notify, webauthn:extension:credBlob: true, webauthn:extension:largeBlob: true, webauthn:extension:minPinLength: true, webauthn:extension:prf: true, webauthn:virtualAuthenticators: true}
Session ID: 07bb333bdae223c14aef093b7e15f6ec
	at org.openqa.selenium.support.ui.WebDriverWait.timeoutException(WebDriverWait.java:84)
	at org.openqa.selenium.support.ui.FluentWait.until(FluentWait.java:228)
	at com.cutanddry.qa.base.KeywordBase.isDisplayed(KeywordBase.java:137)
	at com.cutanddry.qa.pages.CustomersPage.isPreviousDraftOrderNoDisplayed(CustomersPage.java:79)
	at com.cutanddry.qa.functions.Dashboard.navigateToOrderGuide(Dashboard.java:22)
	at com.cutanddry.qa.tests.OrderGuide.EditProductQtyFrmCatalogTest.editProductQtyFrmCatalog(EditProductQtyFrmCatalogTest.java:32)
	at java.base/jdk.internal.reflect.DirectMethodHandleAccessor.invoke(DirectMethodHandleAccessor.java:103)
	at java.base/java.lang.reflect.Method.invoke(Method.java:580)
	at org.testng.internal.invokers.MethodInvocationHelper.invokeMethod(MethodInvocationHelper.java:141)
	at org.testng.internal.invokers.TestInvoker.invokeMethod(TestInvoker.java:686)
	at org.testng.internal.invokers.TestInvoker.invokeTestMethod(TestInvoker.java:230)
	at org.testng.internal.invokers.MethodRunner.runInSequence(MethodRunner.java:63)
	at org.testng.internal.invokers.TestInvoker$MethodInvocationAgent.invoke(TestInvoker.java:992)
	at org.testng.internal.invokers.TestInvoker.invokeTestMethods(TestInvoker.java:203)
	at org.testng.internal.invokers.TestMethodWorker.invokeTestMethods(TestMethodWorker.java:154)
	at org.testng.internal.invokers.TestMethodWorker.run(TestMethodWorker.java:134)
	at java.base/java.util.ArrayList.forEach(ArrayList.java:1597)
	at org.testng.TestRunner.privateRun(TestRunner.java:739)
	at org.testng.TestRunner.run(TestRunner.java:614)
	at org.testng.SuiteRunner.runTest(SuiteRunner.java:421)
	at org.testng.SuiteRunner$SuiteWorker.run(SuiteRunner.java:463)
	at org.testng.internal.thread.ThreadUtil.lambda$execute$0(ThreadUtil.java:64)
	at java.base/java.util.concurrent.FutureTask.run(FutureTask.java:317)
	at java.base/java.util.concurrent.ThreadPoolExecutor.runWorker(ThreadPoolExecutor.java:1144)
	at java.base/java.util.concurrent.ThreadPoolExecutor$Worker.run(ThreadPoolExecutor.java:642)
	at java.base/java.lang.Thread.run(Thread.java:1570)
[TestNG-tests-1] INFO com.cutanddry.qa.base.KeywordBase - Clicked on element: By.xpath: //div[text()='Catalog']
[TestNG-tests-1] INFO com.cutanddry.qa.base.KeywordBase - Element is displayed: By.xpath: //div[text()='All Items']
[TestNG-tests-1] INFO com.cutanddry.qa.base.KeywordBase - Sent keys to element: By.xpath: //input[@placeholder='Search catalog...'] with data: Artichoke -24ct
[TestNG-tests-1] INFO com.cutanddry.qa.base.KeywordBase - Got text from element at index 0: By.xpath: //div[contains(text(), 'Artichoke')] - Text: Search Results for Artichoke -24ct
[TestNG-tests-1] INFO com.cutanddry.qa.base.KeywordBase - Waited for clickability of element: By.xpath: //button[text()='Add to Cart']
[TestNG-tests-1] INFO com.cutanddry.qa.base.KeywordBase - Clicked on element: By.xpath: //button[text()='Add to Cart']
[TestNG-tests-1] INFO com.cutanddry.qa.base.KeywordBase - Waited for element By.xpath: //button[@data-for='cartCheckoutButton'] to be enabled.
[TestNG-tests-1] INFO com.cutanddry.qa.base.KeywordBase - Clicked on element: By.xpath: //div[contains(@class, 'd-flex') and contains(@class, 'btn-primary')]/*[name()='svg' and contains(@data-icon, 'plus')]
[TestNG-tests-1] INFO com.cutanddry.qa.base.KeywordBase - Clicked on element: By.xpath: //div[contains(@class, 'd-flex') and contains(@class, 'btn-primary')]/*[name()='svg' and contains(@data-icon, 'plus')]
[TestNG-tests-1] INFO com.cutanddry.qa.base.KeywordBase - Got text from element: By.xpath: //button[@data-for='cartCheckoutButton'] - Text: $144.00
[TestNG-tests-1] INFO com.cutanddry.qa.base.KeywordBase - Got text from element: By.xpath: //div[4]/div/div[1]/div/span[contains(text(), '$')] - Text: $48.00
[TestNG-tests-1] INFO com.cutanddry.qa.base.KeywordBase - Clicked on element: By.xpath: //div[contains(@class, 'd-flex') and contains(@class, 'btn-primary')]/*[name()='svg' and @data-icon='minus']
[TestNG-tests-1] INFO com.cutanddry.qa.base.KeywordBase - Clicked on element: By.xpath: //div[contains(@class, 'd-flex') and contains(@class, 'btn-primary')]/*[name()='svg' and @data-icon='minus']
[TestNG-tests-1] INFO com.cutanddry.qa.base.KeywordBase - Clicked on element: By.xpath: //div[contains(@class, 'd-flex') and contains(@class, 'btn-primary')]/*[name()='svg' and @data-icon='minus']
[TestNG-tests-1] INFO com.cutanddry.qa.base.KeywordBase - Got text from element: By.xpath: //button[@data-for='cartCheckoutButton'] - Text: $0.00
Failed to post case. Status Code: 404
]]></system-err>
  </testcase>
  <testcase name="verifyCreatingOrdersWithCatalogItems" classname="com.cutanddry.qa.tests.OrderGuide.VerifyCreatingOrdersWithCatalogItemsTest" time="106.147">
    <system-out><![CDATA[Request method:	POST
Request URI:	https://tcms.aiojiraapps.com/aio-tcms/api/v1/project/DOT/testcycle/DOT-CY-/testcase/DOT-TC-66
Response Status Code: 404
Response Content Type: text/plain
For the selected project, No Cycle found with Key: DOT-CY-
Request method:	POST
Request URI:	https://tcms.aiojiraapps.com/aio-tcms/api/v1/project/DOT/testcycle/DOT-CY-/testcase/DOT-TC-66/testrun?createNewRun=false
Response Status Code: 404
Response Content Type: text/plain
For the selected project, No Cycle found with Key: DOT-CY-
]]></system-out>
    <system-err><![CDATA[Sep 26, 2024 5:45:40 PM com.cutanddry.qa.base.TestBase closeAllBrowsers
INFO: All browsers are closed.
Sep 26, 2024 5:45:41 PM org.openqa.selenium.devtools.CdpVersionFinder findNearestMatch
WARNING: Unable to find an exact match for CDP version 129, returning the closest version; found: 127; Please update to a Selenium version that supports CDP version 129
Sep 26, 2024 5:45:47 PM com.cutanddry.qa.base.TestBase initialization
INFO: WebDriver initialized and navigated to the URL: https://app-uat.staging.cutanddry.com/
Failed to post case. Status Code: 404
Unexpected response format. Response: For the selected project, No Cycle found with Key: DOT-CY-
[TestNG-tests-1] INFO com.cutanddry.qa.base.KeywordBase - Sent keys to element: By.xpath: //input[@placeholder='Email or mobile'] with data: 415-505-5531
[TestNG-tests-1] INFO com.cutanddry.qa.base.KeywordBase - Sent keys to element: By.xpath: //input[@placeholder='Password'] with data: NovaN@123
[TestNG-tests-1] INFO com.cutanddry.qa.base.KeywordBase - Clicked on element: By.xpath: //button[@type='submit']
[TestNG-tests-1] INFO com.cutanddry.qa.base.KeywordBase - Waited for visibility of element: By.xpath: //div[text()='Place Order']
[TestNG-tests-1] INFO com.cutanddry.qa.base.KeywordBase - Element is displayed: By.xpath: //div[text()='Place Order']
[TestNG-tests-1] INFO com.cutanddry.qa.base.KeywordBase - Waited for visibility of element: By.xpath: //div[text()='Place Order']
[TestNG-tests-1] INFO com.cutanddry.qa.base.KeywordBase - Element is displayed: By.xpath: //div[text()='Place Order']
[TestNG-tests-1] INFO com.cutanddry.qa.base.KeywordBase - Clicked on element: By.xpath: //div[contains(text(), 'Independent Foods Co')]
[TestNG-tests-1] INFO com.cutanddry.qa.base.KeywordBase - Clicked on element: By.xpath: //div[contains(text(), 'Hayes')]
[TestNG-tests-1] ERROR com.cutanddry.qa.base.KeywordBase - Failed to check if element is displayed: By.xpath: //div[contains(text(), 'Test_Automation') and contains(@class, 'w-100')]
org.openqa.selenium.TimeoutException: Expected condition failed: waiting for visibility of element located by By.xpath: //div[contains(text(), 'Test_Automation') and contains(@class, 'w-100')] (tried for 20 second(s) with 500 milliseconds interval)
Build info: version: '4.23.0', revision: '4df0a231af'
System info: os.name: 'Mac OS X', os.arch: 'aarch64', os.version: '14.6.1', java.version: '22.0.2'
Driver info: org.openqa.selenium.chrome.ChromeDriver
Capabilities {acceptInsecureCerts: false, browserName: chrome, browserVersion: 129.0.6668.60, chrome: {chromedriverVersion: 129.0.6668.58 (81a06fb873a9..., userDataDir: /var/folders/fv/5hy5g0kn5c7...}, fedcm:accounts: true, goog:chromeOptions: {debuggerAddress: localhost:64015}, networkConnectionEnabled: false, pageLoadStrategy: normal, platformName: mac, proxy: Proxy(), se:cdp: ws://localhost:64015/devtoo..., se:cdpVersion: 129.0.6668.60, setWindowRect: true, strictFileInteractability: false, timeouts: {implicit: 0, pageLoad: 300000, script: 30000}, unhandledPromptBehavior: dismiss and notify, webauthn:extension:credBlob: true, webauthn:extension:largeBlob: true, webauthn:extension:minPinLength: true, webauthn:extension:prf: true, webauthn:virtualAuthenticators: true}
Session ID: 3b4ee2e6e9eb45ab2efbf6f8ac36fe61
	at org.openqa.selenium.support.ui.WebDriverWait.timeoutException(WebDriverWait.java:84)
	at org.openqa.selenium.support.ui.FluentWait.until(FluentWait.java:228)
	at com.cutanddry.qa.base.KeywordBase.isDisplayed(KeywordBase.java:137)
	at com.cutanddry.qa.pages.DashboardPage.isTestAutomationPopupDisplayed(DashboardPage.java:45)
	at com.cutanddry.qa.functions.Dashboard.navigateToOrderGuide(Dashboard.java:19)
	at com.cutanddry.qa.tests.OrderGuide.VerifyCreatingOrdersWithCatalogItemsTest.verifyCreatingOrdersWithCatalogItems(VerifyCreatingOrdersWithCatalogItemsTest.java:33)
	at java.base/jdk.internal.reflect.DirectMethodHandleAccessor.invoke(DirectMethodHandleAccessor.java:103)
	at java.base/java.lang.reflect.Method.invoke(Method.java:580)
	at org.testng.internal.invokers.MethodInvocationHelper.invokeMethod(MethodInvocationHelper.java:141)
	at org.testng.internal.invokers.TestInvoker.invokeMethod(TestInvoker.java:686)
	at org.testng.internal.invokers.TestInvoker.invokeTestMethod(TestInvoker.java:230)
	at org.testng.internal.invokers.MethodRunner.runInSequence(MethodRunner.java:63)
	at org.testng.internal.invokers.TestInvoker$MethodInvocationAgent.invoke(TestInvoker.java:992)
	at org.testng.internal.invokers.TestInvoker.invokeTestMethods(TestInvoker.java:203)
	at org.testng.internal.invokers.TestMethodWorker.invokeTestMethods(TestMethodWorker.java:154)
	at org.testng.internal.invokers.TestMethodWorker.run(TestMethodWorker.java:134)
	at java.base/java.util.ArrayList.forEach(ArrayList.java:1597)
	at org.testng.TestRunner.privateRun(TestRunner.java:739)
	at org.testng.TestRunner.run(TestRunner.java:614)
	at org.testng.SuiteRunner.runTest(SuiteRunner.java:421)
	at org.testng.SuiteRunner$SuiteWorker.run(SuiteRunner.java:463)
	at org.testng.internal.thread.ThreadUtil.lambda$execute$0(ThreadUtil.java:64)
	at java.base/java.util.concurrent.FutureTask.run(FutureTask.java:317)
	at java.base/java.util.concurrent.ThreadPoolExecutor.runWorker(ThreadPoolExecutor.java:1144)
	at java.base/java.util.concurrent.ThreadPoolExecutor$Worker.run(ThreadPoolExecutor.java:642)
	at java.base/java.lang.Thread.run(Thread.java:1570)
[TestNG-tests-1] ERROR com.cutanddry.qa.base.KeywordBase - Failed to wait for element By.xpath: //div[contains(text(),'previous draft order')]/..//div[text()='No'] to be enabled.
org.openqa.selenium.TimeoutException: Expected condition failed: waiting for com.cutanddry.qa.base.KeywordBase$$Lambda/0x000003f801423ac8@5f47636 (tried for 20 second(s) with 500 milliseconds interval)
	at org.openqa.selenium.support.ui.WebDriverWait.timeoutException(WebDriverWait.java:84)
	at org.openqa.selenium.support.ui.FluentWait.until(FluentWait.java:228)
	at com.cutanddry.qa.base.KeywordBase.waitForElementEnabledState(KeywordBase.java:174)
	at com.cutanddry.qa.pages.CustomersPage.isPreviousDraftOrderNoDisplayed(CustomersPage.java:77)
	at com.cutanddry.qa.functions.Dashboard.navigateToOrderGuide(Dashboard.java:22)
	at com.cutanddry.qa.tests.OrderGuide.VerifyCreatingOrdersWithCatalogItemsTest.verifyCreatingOrdersWithCatalogItems(VerifyCreatingOrdersWithCatalogItemsTest.java:33)
	at java.base/jdk.internal.reflect.DirectMethodHandleAccessor.invoke(DirectMethodHandleAccessor.java:103)
	at java.base/java.lang.reflect.Method.invoke(Method.java:580)
	at org.testng.internal.invokers.MethodInvocationHelper.invokeMethod(MethodInvocationHelper.java:141)
	at org.testng.internal.invokers.TestInvoker.invokeMethod(TestInvoker.java:686)
	at org.testng.internal.invokers.TestInvoker.invokeTestMethod(TestInvoker.java:230)
	at org.testng.internal.invokers.MethodRunner.runInSequence(MethodRunner.java:63)
	at org.testng.internal.invokers.TestInvoker$MethodInvocationAgent.invoke(TestInvoker.java:992)
	at org.testng.internal.invokers.TestInvoker.invokeTestMethods(TestInvoker.java:203)
	at org.testng.internal.invokers.TestMethodWorker.invokeTestMethods(TestMethodWorker.java:154)
	at org.testng.internal.invokers.TestMethodWorker.run(TestMethodWorker.java:134)
	at java.base/java.util.ArrayList.forEach(ArrayList.java:1597)
	at org.testng.TestRunner.privateRun(TestRunner.java:739)
	at org.testng.TestRunner.run(TestRunner.java:614)
	at org.testng.SuiteRunner.runTest(SuiteRunner.java:421)
	at org.testng.SuiteRunner$SuiteWorker.run(SuiteRunner.java:463)
	at org.testng.internal.thread.ThreadUtil.lambda$execute$0(ThreadUtil.java:64)
	at java.base/java.util.concurrent.FutureTask.run(FutureTask.java:317)
	at java.base/java.util.concurrent.ThreadPoolExecutor.runWorker(ThreadPoolExecutor.java:1144)
	at java.base/java.util.concurrent.ThreadPoolExecutor$Worker.run(ThreadPoolExecutor.java:642)
	at java.base/java.lang.Thread.run(Thread.java:1570)
Caused by: org.openqa.selenium.NoSuchElementException: no such element: Unable to locate element: {"method":"xpath","selector":"//div[contains(text(),'previous draft order')]/..//div[text()='No']"}
  (Session info: chrome=129.0.6668.60)
For documentation on this error, please visit: https://www.selenium.dev/documentation/webdriver/troubleshooting/errors#no-such-element-exception
Build info: version: '4.23.0', revision: '4df0a231af'
System info: os.name: 'Mac OS X', os.arch: 'aarch64', os.version: '14.6.1', java.version: '22.0.2'
Driver info: org.openqa.selenium.chrome.ChromeDriver
Command: [3b4ee2e6e9eb45ab2efbf6f8ac36fe61, findElement {value=//div[contains(text(),'previous draft order')]/..//div[text()='No'], using=xpath}]
Capabilities {acceptInsecureCerts: false, browserName: chrome, browserVersion: 129.0.6668.60, chrome: {chromedriverVersion: 129.0.6668.58 (81a06fb873a9..., userDataDir: /var/folders/fv/5hy5g0kn5c7...}, fedcm:accounts: true, goog:chromeOptions: {debuggerAddress: localhost:64015}, networkConnectionEnabled: false, pageLoadStrategy: normal, platformName: mac, proxy: Proxy(), se:cdp: ws://localhost:64015/devtoo..., se:cdpVersion: 129.0.6668.60, setWindowRect: true, strictFileInteractability: false, timeouts: {implicit: 0, pageLoad: 300000, script: 30000}, unhandledPromptBehavior: dismiss and notify, webauthn:extension:credBlob: true, webauthn:extension:largeBlob: true, webauthn:extension:minPinLength: true, webauthn:extension:prf: true, webauthn:virtualAuthenticators: true}
Session ID: 3b4ee2e6e9eb45ab2efbf6f8ac36fe61
	at java.base/jdk.internal.reflect.DirectConstructorHandleAccessor.newInstance(DirectConstructorHandleAccessor.java:62)
	at java.base/java.lang.reflect.Constructor.newInstanceWithCaller(Constructor.java:502)
	at java.base/java.lang.reflect.Constructor.newInstance(Constructor.java:486)
	at org.openqa.selenium.remote.ErrorCodec.decode(ErrorCodec.java:167)
	at org.openqa.selenium.remote.codec.w3c.W3CHttpResponseCodec.decode(W3CHttpResponseCodec.java:138)
	at org.openqa.selenium.remote.codec.w3c.W3CHttpResponseCodec.decode(W3CHttpResponseCodec.java:50)
	at org.openqa.selenium.remote.HttpCommandExecutor.execute(HttpCommandExecutor.java:190)
	at org.openqa.selenium.remote.service.DriverCommandExecutor.invokeExecute(DriverCommandExecutor.java:216)
	at org.openqa.selenium.remote.service.DriverCommandExecutor.execute(DriverCommandExecutor.java:174)
	at org.openqa.selenium.remote.RemoteWebDriver.execute(RemoteWebDriver.java:527)
	at org.openqa.selenium.remote.ElementLocation$ElementFinder$2.findElement(ElementLocation.java:165)
	at org.openqa.selenium.remote.ElementLocation.findElement(ElementLocation.java:59)
	at org.openqa.selenium.remote.RemoteWebDriver.findElement(RemoteWebDriver.java:357)
	at org.openqa.selenium.remote.RemoteWebDriver.findElement(RemoteWebDriver.java:351)
	at com.cutanddry.qa.base.KeywordBase.lambda$waitForElementEnabledState$0(KeywordBase.java:176)
	at org.openqa.selenium.support.ui.FluentWait.until(FluentWait.java:203)
	... 24 more
[TestNG-tests-1] ERROR com.cutanddry.qa.base.KeywordBase - Failed to check if element is displayed: By.xpath: //div[contains(text(),'previous draft order')]/..//div[text()='No']
org.openqa.selenium.TimeoutException: Expected condition failed: waiting for visibility of element located by By.xpath: //div[contains(text(),'previous draft order')]/..//div[text()='No'] (tried for 20 second(s) with 500 milliseconds interval)
Build info: version: '4.23.0', revision: '4df0a231af'
System info: os.name: 'Mac OS X', os.arch: 'aarch64', os.version: '14.6.1', java.version: '22.0.2'
Driver info: org.openqa.selenium.chrome.ChromeDriver
Capabilities {acceptInsecureCerts: false, browserName: chrome, browserVersion: 129.0.6668.60, chrome: {chromedriverVersion: 129.0.6668.58 (81a06fb873a9..., userDataDir: /var/folders/fv/5hy5g0kn5c7...}, fedcm:accounts: true, goog:chromeOptions: {debuggerAddress: localhost:64015}, networkConnectionEnabled: false, pageLoadStrategy: normal, platformName: mac, proxy: Proxy(), se:cdp: ws://localhost:64015/devtoo..., se:cdpVersion: 129.0.6668.60, setWindowRect: true, strictFileInteractability: false, timeouts: {implicit: 0, pageLoad: 300000, script: 30000}, unhandledPromptBehavior: dismiss and notify, webauthn:extension:credBlob: true, webauthn:extension:largeBlob: true, webauthn:extension:minPinLength: true, webauthn:extension:prf: true, webauthn:virtualAuthenticators: true}
Session ID: 3b4ee2e6e9eb45ab2efbf6f8ac36fe61
	at org.openqa.selenium.support.ui.WebDriverWait.timeoutException(WebDriverWait.java:84)
	at org.openqa.selenium.support.ui.FluentWait.until(FluentWait.java:228)
	at com.cutanddry.qa.base.KeywordBase.isDisplayed(KeywordBase.java:137)
	at com.cutanddry.qa.pages.CustomersPage.isPreviousDraftOrderNoDisplayed(CustomersPage.java:79)
	at com.cutanddry.qa.functions.Dashboard.navigateToOrderGuide(Dashboard.java:22)
	at com.cutanddry.qa.tests.OrderGuide.VerifyCreatingOrdersWithCatalogItemsTest.verifyCreatingOrdersWithCatalogItems(VerifyCreatingOrdersWithCatalogItemsTest.java:33)
	at java.base/jdk.internal.reflect.DirectMethodHandleAccessor.invoke(DirectMethodHandleAccessor.java:103)
	at java.base/java.lang.reflect.Method.invoke(Method.java:580)
	at org.testng.internal.invokers.MethodInvocationHelper.invokeMethod(MethodInvocationHelper.java:141)
	at org.testng.internal.invokers.TestInvoker.invokeMethod(TestInvoker.java:686)
	at org.testng.internal.invokers.TestInvoker.invokeTestMethod(TestInvoker.java:230)
	at org.testng.internal.invokers.MethodRunner.runInSequence(MethodRunner.java:63)
	at org.testng.internal.invokers.TestInvoker$MethodInvocationAgent.invoke(TestInvoker.java:992)
	at org.testng.internal.invokers.TestInvoker.invokeTestMethods(TestInvoker.java:203)
	at org.testng.internal.invokers.TestMethodWorker.invokeTestMethods(TestMethodWorker.java:154)
	at org.testng.internal.invokers.TestMethodWorker.run(TestMethodWorker.java:134)
	at java.base/java.util.ArrayList.forEach(ArrayList.java:1597)
	at org.testng.TestRunner.privateRun(TestRunner.java:739)
	at org.testng.TestRunner.run(TestRunner.java:614)
	at org.testng.SuiteRunner.runTest(SuiteRunner.java:421)
	at org.testng.SuiteRunner$SuiteWorker.run(SuiteRunner.java:463)
	at org.testng.internal.thread.ThreadUtil.lambda$execute$0(ThreadUtil.java:64)
	at java.base/java.util.concurrent.FutureTask.run(FutureTask.java:317)
	at java.base/java.util.concurrent.ThreadPoolExecutor.runWorker(ThreadPoolExecutor.java:1144)
	at java.base/java.util.concurrent.ThreadPoolExecutor$Worker.run(ThreadPoolExecutor.java:642)
	at java.base/java.lang.Thread.run(Thread.java:1570)
[TestNG-tests-1] INFO com.cutanddry.qa.base.KeywordBase - Element is displayed: By.xpath: //div[contains(text(), 'Order Guide')]
[TestNG-tests-1] INFO com.cutanddry.qa.base.KeywordBase - Waited for clickability of element: By.xpath: //button[contains(text(), 'Create')]
[TestNG-tests-1] INFO com.cutanddry.qa.base.KeywordBase - Clicked on element: By.xpath: //button[contains(text(), 'Create')]
[TestNG-tests-1] INFO com.cutanddry.qa.base.KeywordBase - Sent keys to element: By.xpath: //input[@placeholder='Enter Name'] with data: Test_Guide
[TestNG-tests-1] INFO com.cutanddry.qa.base.KeywordBase - Waited for clickability of element: By.xpath: //button[contains(text(), 'Submit')]
[TestNG-tests-1] INFO com.cutanddry.qa.base.KeywordBase - Clicked on element: By.xpath: //button[contains(text(), 'Submit')]
[TestNG-tests-1] INFO com.cutanddry.qa.base.KeywordBase - Waited for clickability of element: By.xpath: //div[contains(text(), 'Add from Catalog')]
[TestNG-tests-1] INFO com.cutanddry.qa.base.KeywordBase - Clicked on element: By.xpath: //div[contains(text(), 'Add from Catalog')]
[TestNG-tests-1] INFO com.cutanddry.qa.base.KeywordBase - Sent keys to element: By.xpath: //input[@placeholder='Search catalog...'] with data: Broccolini 18 Ct
[TestNG-tests-1] INFO com.cutanddry.qa.base.KeywordBase - Waited for visibility of element: By.xpath: //button[@data-tip='Add to Order Guide']
[TestNG-tests-1] INFO com.cutanddry.qa.base.KeywordBase - Clicked on element: By.xpath: //button[@data-tip='Add to Order Guide']
[TestNG-tests-1] INFO com.cutanddry.qa.base.KeywordBase - Clicked on element: By.xpath: //button[contains(text(), 'Close Editor')]
[TestNG-tests-1] ERROR com.cutanddry.qa.base.KeywordBase - Failed to check if element is displayed: By.xpath: //div[contains(@class, 'text-center') and contains(text(), 'continue your previous draft order')]
org.openqa.selenium.TimeoutException: Expected condition failed: waiting for visibility of element located by By.xpath: //div[contains(@class, 'text-center') and contains(text(), 'continue your previous draft order')] (tried for 20 second(s) with 500 milliseconds interval)
Build info: version: '4.23.0', revision: '4df0a231af'
System info: os.name: 'Mac OS X', os.arch: 'aarch64', os.version: '14.6.1', java.version: '22.0.2'
Driver info: org.openqa.selenium.chrome.ChromeDriver
Capabilities {acceptInsecureCerts: false, browserName: chrome, browserVersion: 129.0.6668.60, chrome: {chromedriverVersion: 129.0.6668.58 (81a06fb873a9..., userDataDir: /var/folders/fv/5hy5g0kn5c7...}, fedcm:accounts: true, goog:chromeOptions: {debuggerAddress: localhost:64015}, networkConnectionEnabled: false, pageLoadStrategy: normal, platformName: mac, proxy: Proxy(), se:cdp: ws://localhost:64015/devtoo..., se:cdpVersion: 129.0.6668.60, setWindowRect: true, strictFileInteractability: false, timeouts: {implicit: 0, pageLoad: 300000, script: 30000}, unhandledPromptBehavior: dismiss and notify, webauthn:extension:credBlob: true, webauthn:extension:largeBlob: true, webauthn:extension:minPinLength: true, webauthn:extension:prf: true, webauthn:virtualAuthenticators: true}
Session ID: 3b4ee2e6e9eb45ab2efbf6f8ac36fe61
	at org.openqa.selenium.support.ui.WebDriverWait.timeoutException(WebDriverWait.java:84)
	at org.openqa.selenium.support.ui.FluentWait.until(FluentWait.java:228)
	at com.cutanddry.qa.base.KeywordBase.isDisplayed(KeywordBase.java:137)
	at com.cutanddry.qa.pages.DashboardPage.isDraftOrderPopUpDisplayed(DashboardPage.java:57)
	at com.cutanddry.qa.functions.Customer.closeEditor(Customer.java:151)
	at com.cutanddry.qa.tests.OrderGuide.VerifyCreatingOrdersWithCatalogItemsTest.verifyCreatingOrdersWithCatalogItems(VerifyCreatingOrdersWithCatalogItemsTest.java:40)
	at java.base/jdk.internal.reflect.DirectMethodHandleAccessor.invoke(DirectMethodHandleAccessor.java:103)
	at java.base/java.lang.reflect.Method.invoke(Method.java:580)
	at org.testng.internal.invokers.MethodInvocationHelper.invokeMethod(MethodInvocationHelper.java:141)
	at org.testng.internal.invokers.TestInvoker.invokeMethod(TestInvoker.java:686)
	at org.testng.internal.invokers.TestInvoker.invokeTestMethod(TestInvoker.java:230)
	at org.testng.internal.invokers.MethodRunner.runInSequence(MethodRunner.java:63)
	at org.testng.internal.invokers.TestInvoker$MethodInvocationAgent.invoke(TestInvoker.java:992)
	at org.testng.internal.invokers.TestInvoker.invokeTestMethods(TestInvoker.java:203)
	at org.testng.internal.invokers.TestMethodWorker.invokeTestMethods(TestMethodWorker.java:154)
	at org.testng.internal.invokers.TestMethodWorker.run(TestMethodWorker.java:134)
	at java.base/java.util.ArrayList.forEach(ArrayList.java:1597)
	at org.testng.TestRunner.privateRun(TestRunner.java:739)
	at org.testng.TestRunner.run(TestRunner.java:614)
	at org.testng.SuiteRunner.runTest(SuiteRunner.java:421)
	at org.testng.SuiteRunner$SuiteWorker.run(SuiteRunner.java:463)
	at org.testng.internal.thread.ThreadUtil.lambda$execute$0(ThreadUtil.java:64)
	at java.base/java.util.concurrent.FutureTask.run(FutureTask.java:317)
	at java.base/java.util.concurrent.ThreadPoolExecutor.runWorker(ThreadPoolExecutor.java:1144)
	at java.base/java.util.concurrent.ThreadPoolExecutor$Worker.run(ThreadPoolExecutor.java:642)
	at java.base/java.lang.Thread.run(Thread.java:1570)
[TestNG-tests-1] INFO com.cutanddry.qa.base.KeywordBase - Got text from element: By.xpath: //td//span/div[@data-tip='View Product Details'] - Text: Broccolini 18 Ct
Failed to post case. Status Code: 404
]]></system-err>
  </testcase>
</testsuite>